2023-01-14 10:22:54,063 ERROR   Invalid bounding box: e_lng must be > w_lng
2023-01-14 10:22:54,064 INFO    ======================================================================
2023-01-14 10:22:54,064 INFO    Survey 9, for Bauxita, Ouro Preto
2023-01-14 10:22:54,066 INFO    Searching by bounding box, max_zoom=24
2023-01-14 10:22:54,066 INFO    ----------------------------------------------------------------------
2023-01-14 10:22:54,067 ERROR   Exception in get_rectangle_from_quadtree_node
Traceback (most recent call last):
  File "C:\ufop\airbnb-data-collection\airbnb_survey.py", line 842, in get_rectangle_from_quadtree_node
    rectangle = self.bounding_box[0:4]
                ~~~~~~~~~~~~~~~~~^^^^^
TypeError: 'NoneType' object is not subscriptable
2023-01-14 10:22:54,069 INFO    Searching rectangle: zoom factor = 0, node = []
2023-01-14 10:22:54,070 ERROR   Exception in get_search_page_info_rectangle
Traceback (most recent call last):
  File "C:\ufop\airbnb-data-collection\airbnb_survey.py", line 556, in search_node
    .format(n=rectangle[0], e=rectangle[1],
              ~~~~~~~~~^^^
TypeError: 'NoneType' object is not subscriptable
2023-01-14 10:22:54,071 ERROR   TypeError in recurse_quadtree
Traceback (most recent call last):
  File "C:\ufop\airbnb-data-collection\airbnb_survey.py", line 506, in recurse_quadtree
    (zoomable, median_leaf) = self.search_node(
                              ^^^^^^^^^^^^^^^^^
  File "C:\ufop\airbnb-data-collection\airbnb_survey.py", line 556, in search_node
    .format(n=rectangle[0], e=rectangle[1],
              ~~~~~~~~~^^^
TypeError: 'NoneType' object is not subscriptable
2023-01-14 10:22:54,073 ERROR   ("'NoneType' object is not subscriptable",)
2023-01-14 10:22:54,073 ERROR   Error
Traceback (most recent call last):
  File "C:\ufop\airbnb-data-collection\airbnb_survey.py", line 445, in search
    self.recurse_quadtree(quadtree_node, median_node, None, flag)
  File "C:\ufop\airbnb-data-collection\airbnb_survey.py", line 506, in recurse_quadtree
    (zoomable, median_leaf) = self.search_node(
                              ^^^^^^^^^^^^^^^^^
  File "C:\ufop\airbnb-data-collection\airbnb_survey.py", line 556, in search_node
    .format(n=rectangle[0], e=rectangle[1],
              ~~~~~~~~~^^^
TypeError: 'NoneType' object is not subscriptable
2023-01-14 10:22:54,075 INFO    Initialing search by overall satisfactions
2023-01-14 10:22:54,087 ERROR   Failed to search overall satisfactions
2023-01-14 10:22:54,088 ERROR   Top level exception handler: quitting.
Traceback (most recent call last):
  File "C:\ufop\airbnb-data-collection\airbnb.py", line 815, in main
    full_survey(ab_config, args.full_survey, False, True)
  File "C:\ufop\airbnb-data-collection\airbnb.py", line 645, in full_survey
    fill_search(ab_config, area, None)
  File "C:\ufop\airbnb-data-collection\airbnb_score.py", line 214, in search
    cur.execute(sql, (city,))
psycopg2.errors.UndefinedColumn: column "comodities" does not exist
LINE 7:     and comodities is null
                ^

