2023-01-14 11:44:58,592 ERROR   Invalid bounding box: e_lng must be > w_lng
2023-01-14 11:44:58,593 INFO    ======================================================================
2023-01-14 11:44:58,593 INFO    Survey 79, for Centro, Ouro Preto
2023-01-14 11:44:58,594 INFO    Searching by bounding box, max_zoom=24
2023-01-14 11:44:58,594 INFO    ----------------------------------------------------------------------
2023-01-14 11:44:58,595 ERROR   Exception in get_rectangle_from_quadtree_node
Traceback (most recent call last):
  File "C:\ufop\airbnb-data-collection\airbnb_survey.py", line 842, in get_rectangle_from_quadtree_node
    rectangle = self.bounding_box[0:4]
                ~~~~~~~~~~~~~~~~~^^^^^
TypeError: 'NoneType' object is not subscriptable
2023-01-14 11:44:58,597 INFO    Searching rectangle: zoom factor = 0, node = []
2023-01-14 11:44:58,597 ERROR   Exception in get_search_page_info_rectangle
Traceback (most recent call last):
  File "C:\ufop\airbnb-data-collection\airbnb_survey.py", line 556, in search_node
    .format(n=rectangle[0], e=rectangle[1],
              ~~~~~~~~~^^^
TypeError: 'NoneType' object is not subscriptable
2023-01-14 11:44:58,598 ERROR   TypeError in recurse_quadtree
Traceback (most recent call last):
  File "C:\ufop\airbnb-data-collection\airbnb_survey.py", line 506, in recurse_quadtree
    (zoomable, median_leaf) = self.search_node(
                              ^^^^^^^^^^^^^^^^^
  File "C:\ufop\airbnb-data-collection\airbnb_survey.py", line 556, in search_node
    .format(n=rectangle[0], e=rectangle[1],
              ~~~~~~~~~^^^
TypeError: 'NoneType' object is not subscriptable
2023-01-14 11:44:58,600 ERROR   ("'NoneType' object is not subscriptable",)
2023-01-14 11:44:58,600 ERROR   Error
Traceback (most recent call last):
  File "C:\ufop\airbnb-data-collection\airbnb_survey.py", line 445, in search
    self.recurse_quadtree(quadtree_node, median_node, None, flag)
  File "C:\ufop\airbnb-data-collection\airbnb_survey.py", line 506, in recurse_quadtree
    (zoomable, median_leaf) = self.search_node(
                              ^^^^^^^^^^^^^^^^^
  File "C:\ufop\airbnb-data-collection\airbnb_survey.py", line 556, in search_node
    .format(n=rectangle[0], e=rectangle[1],
              ~~~~~~~~~^^^
TypeError: 'NoneType' object is not subscriptable
2023-01-14 11:44:58,602 INFO    Search by Cabeças, Ouro Preto
2023-01-14 11:44:58,608 ERROR   Invalid bounding box: e_lng must be > w_lng
2023-01-14 11:44:58,609 INFO    ======================================================================
2023-01-14 11:44:58,609 INFO    Survey 81, for Cabeças, Ouro Preto
2023-01-14 11:44:58,610 INFO    Searching by bounding box, max_zoom=24
2023-01-14 11:44:58,610 INFO    ----------------------------------------------------------------------
2023-01-14 11:44:58,610 ERROR   Exception in get_rectangle_from_quadtree_node
Traceback (most recent call last):
  File "C:\ufop\airbnb-data-collection\airbnb_survey.py", line 842, in get_rectangle_from_quadtree_node
    rectangle = self.bounding_box[0:4]
                ~~~~~~~~~~~~~~~~~^^^^^
TypeError: 'NoneType' object is not subscriptable
2023-01-14 11:44:58,612 INFO    Searching rectangle: zoom factor = 0, node = []
2023-01-14 11:44:58,612 ERROR   Exception in get_search_page_info_rectangle
Traceback (most recent call last):
  File "C:\ufop\airbnb-data-collection\airbnb_survey.py", line 556, in search_node
    .format(n=rectangle[0], e=rectangle[1],
              ~~~~~~~~~^^^
TypeError: 'NoneType' object is not subscriptable
2023-01-14 11:44:58,613 ERROR   TypeError in recurse_quadtree
Traceback (most recent call last):
  File "C:\ufop\airbnb-data-collection\airbnb_survey.py", line 506, in recurse_quadtree
    (zoomable, median_leaf) = self.search_node(
                              ^^^^^^^^^^^^^^^^^
  File "C:\ufop\airbnb-data-collection\airbnb_survey.py", line 556, in search_node
    .format(n=rectangle[0], e=rectangle[1],
              ~~~~~~~~~^^^
TypeError: 'NoneType' object is not subscriptable
2023-01-14 11:44:58,615 ERROR   ("'NoneType' object is not subscriptable",)
2023-01-14 11:44:58,615 ERROR   Error
Traceback (most recent call last):
  File "C:\ufop\airbnb-data-collection\airbnb_survey.py", line 445, in search
    self.recurse_quadtree(quadtree_node, median_node, None, flag)
  File "C:\ufop\airbnb-data-collection\airbnb_survey.py", line 506, in recurse_quadtree
    (zoomable, median_leaf) = self.search_node(
                              ^^^^^^^^^^^^^^^^^
  File "C:\ufop\airbnb-data-collection\airbnb_survey.py", line 556, in search_node
    .format(n=rectangle[0], e=rectangle[1],
              ~~~~~~~~~^^^
TypeError: 'NoneType' object is not subscriptable
