2023-01-14 11:20:42,228 INFO    ======================================================================
2023-01-14 11:20:42,229 INFO    Survey 54, for Ouro Preto, Minas Gerais
2023-01-14 11:20:42,230 INFO    Searching by bounding box, max_zoom=24
2023-01-14 11:20:42,231 INFO    ----------------------------------------------------------------------
2023-01-14 11:20:42,231 INFO    Rectangle calculated: [-20.2519, -43.4372, -20.5229, -43.7846]
2023-01-14 11:20:42,231 INFO    Searching rectangle: zoom factor = 0, node = []
2023-01-14 11:20:43,500 INFO    Page 01 returned 12 listings
2023-01-14 11:20:43,500 INFO    Final page of listings for this search
2023-01-14 11:20:43,501 INFO    Results: 1 pages, 12 new rooms
2023-01-14 11:20:43,503 INFO    Finishing survey 54, for Ouro Preto, Minas Gerais
2023-01-14 11:20:43,524 ERROR   Top level exception handler: quitting.
Traceback (most recent call last):
  File "C:\ufop\airbnb-data-collection\airbnb.py", line 842, in main
    full_survey(ab_config, args.full_survey, False, True)
  File "C:\ufop\airbnb-data-collection\airbnb.py", line 653, in full_survey
    update_routes_geolocation(ab_config, area)
  File "C:\ufop\airbnb-data-collection\airbnb.py", line 261, in update_routes_geolocation
    location.reverse_geocode(config)
  File "C:\ufop\airbnb-data-collection\airbnb_geocoding.py", line 148, in reverse_geocode
    address = reverse(self.lat_round + ", " + self.lng_round)
                      ~~~~~~~~~~~~~~~^~~~~~
TypeError: unsupported operand type(s) for +: 'decimal.Decimal' and 'str'
