2023-01-14 11:46:42,503 INFO    ======================================================================
2023-01-14 11:46:42,504 INFO    Survey 86, for Ouro Preto, Minas Gerais
2023-01-14 11:46:42,504 INFO    Searching by bounding box, max_zoom=24
2023-01-14 11:46:42,505 INFO    ----------------------------------------------------------------------
2023-01-14 11:46:42,505 INFO    Rectangle calculated: [-20.2519, -43.4372, -20.5229, -43.7846]
2023-01-14 11:46:42,506 INFO    Searching rectangle: zoom factor = 0, node = []
2023-01-14 11:46:42,713 WARNING HTTP status 403 from web site: IP address blocked. Waiting 0.1 minutes.
2023-01-14 11:46:50,725 INFO    Page 01 returned 18 listings
2023-01-14 11:46:51,943 INFO    Room 758263738755481654: insert failed
2023-01-14 11:46:51,944 INFO    Room 47939876: insert failed
2023-01-14 11:46:51,946 INFO    Room 43805080: insert failed
2023-01-14 11:46:51,947 INFO    Room 51978370: insert failed
2023-01-14 11:46:51,949 INFO    Room 41502392: insert failed
2023-01-14 11:46:51,950 INFO    Room 40752066: insert failed
2023-01-14 11:46:51,953 INFO    Room 30403033: insert failed
2023-01-14 11:46:51,954 INFO    Room 714323517316563160: insert failed
2023-01-14 11:46:51,956 INFO    Room 736390796820280107: insert failed
2023-01-14 11:46:51,958 INFO    Room 51217390: insert failed
2023-01-14 11:46:51,959 INFO    Room 52024666: insert failed
2023-01-14 11:46:51,961 INFO    Room 54222723: insert failed
2023-01-14 11:46:51,962 INFO    Room 47334727: insert failed
2023-01-14 11:46:51,964 INFO    Room 740983683035077351: insert failed
2023-01-14 11:46:51,966 INFO    Room 794011987542751252: insert failed
2023-01-14 11:46:51,967 INFO    Room 50723507: insert failed
2023-01-14 11:46:51,969 INFO    Room 19969297: insert failed
2023-01-14 11:46:51,971 INFO    Room 50240014: insert failed
2023-01-14 11:46:51,971 INFO    Page 02 returned 18 listings
2023-01-14 11:46:53,207 INFO    Page 03 returned 18 listings
2023-01-14 11:46:54,414 INFO    Page 04 returned 18 listings
2023-01-14 11:46:55,370 INFO    Page 05 returned 18 listings
2023-01-14 11:46:56,602 WARNING HTTP status 403 from web site: IP address blocked. Waiting 0.1 minutes.
2023-01-14 11:47:05,322 INFO    Page 06 returned 18 listings
2023-01-14 11:47:07,308 WARNING HTTP status 403 from web site: IP address blocked. Waiting 0.1 minutes.
2023-01-14 11:47:14,837 WARNING HTTP status 403 from web site: IP address blocked. Waiting 0.1 minutes.
2023-01-14 11:47:23,370 INFO    Page 07 returned 18 listings
2023-01-14 11:47:25,335 INFO    Page 08 returned 18 listings
2023-01-14 11:47:28,182 INFO    Page 09 returned 18 listings
2023-01-14 11:47:32,597 WARNING HTTP status 403 from web site: IP address blocked. Waiting 0.1 minutes.
2023-01-14 11:47:43,719 INFO    Page 10 returned 00 listings
2023-01-14 11:47:43,719 INFO    Final page of listings for this search
2023-01-14 11:47:43,720 INFO    Results: 10 pages, 144 new rooms
2023-01-14 11:47:43,722 INFO    Finishing survey 86, for Ouro Preto, Minas Gerais
2023-01-14 11:52:00,487 ERROR   Exception in BoundingBox_from_geopy: exiting
Traceback (most recent call last):
  File "C:\ufop\airbnb-data-collection\airbnb_geocoding.py", line 380, in from_geopy
    print(location.address)
          ^^^^^^^^^^^^^^^^
AttributeError: 'NoneType' object has no attribute 'address'
