2023-01-14 11:27:20,884 INFO    ======================================================================
2023-01-14 11:27:20,885 INFO    Survey 62, for Ouro Preto, Minas Gerais
2023-01-14 11:27:20,886 INFO    Searching by bounding box, max_zoom=24
2023-01-14 11:27:20,887 INFO    ----------------------------------------------------------------------
2023-01-14 11:27:20,887 INFO    Rectangle calculated: [-20.2519, -43.4372, -20.5229, -43.7846]
2023-01-14 11:27:20,888 INFO    Searching rectangle: zoom factor = 0, node = []
2023-01-14 11:27:22,080 INFO    Page 01 returned 18 listings
2023-01-14 11:27:22,713 WARNING HTTP status 403 from web site: IP address blocked. Waiting 0.1 minutes.
2023-01-14 11:27:29,135 WARNING HTTP status 403 from web site: IP address blocked. Waiting 0.1 minutes.
2023-01-14 11:27:35,913 WARNING HTTP status 403 from web site: IP address blocked. Waiting 0.1 minutes.
2023-01-14 11:27:44,706 INFO    Room 47939876: insert failed
2023-01-14 11:27:44,708 INFO    Room 736390796820280107: insert failed
2023-01-14 11:27:44,710 INFO    Room 51978370: insert failed
2023-01-14 11:27:44,712 INFO    Room 41502392: insert failed
2023-01-14 11:27:44,713 INFO    Room 40752066: insert failed
2023-01-14 11:27:44,717 INFO    Room 714323517316563160: insert failed
2023-01-14 11:27:44,719 INFO    Room 740983683035077351: insert failed
2023-01-14 11:27:44,721 INFO    Room 794011987542751252: insert failed
2023-01-14 11:27:44,723 INFO    Room 50723507: insert failed
2023-01-14 11:27:44,725 INFO    Page 02 returned 12 listings
2023-01-14 11:27:44,725 INFO    Final page of listings for this search
2023-01-14 11:27:44,726 INFO    Results: 2 pages, 21 new rooms
2023-01-14 11:27:44,728 INFO    Finishing survey 62, for Ouro Preto, Minas Gerais
2023-01-14 11:27:44,735 INFO    Pronto! Pesquisa finalizada!
