2023-07-22 16:36:20,242 INFO    ====== WebDriver manager ======
2023-07-22 16:36:20,492 INFO    Initializing update of survey with super survey id
2023-07-22 16:36:20,502 INFO    ====== WebDriver manager ======
2023-07-22 16:36:32,987 INFO    Get LATEST chromedriver version for google-chrome 114.0.5735
2023-07-22 16:36:33,007 INFO    Get LATEST chromedriver version for google-chrome 114.0.5735
2023-07-22 16:36:35,593 INFO    Driver [C:\Users\Usuario\.wdm\drivers\chromedriver\win32\114.0.5735\chromedriver.exe] found in cache
2023-07-22 16:36:35,750 INFO    Driver [C:\Users\Usuario\.wdm\drivers\chromedriver\win32\114.0.5735\chromedriver.exe] found in cache
2023-07-22 16:39:32,269 INFO    ====== WebDriver manager ======
2023-07-22 16:39:36,174 INFO    Get LATEST chromedriver version for google-chrome 114.0.5735
2023-07-22 16:39:38,805 INFO    Driver [C:\Users\Usuario\.wdm\drivers\chromedriver\win32\114.0.5735\chromedriver.exe] found in cache
2023-07-22 16:41:05,664 INFO    ====== WebDriver manager ======
2023-07-22 16:41:19,203 INFO    Get LATEST chromedriver version for google-chrome 114.0.5735
2023-07-22 16:41:25,542 INFO    Driver [C:\Users\Usuario\.wdm\drivers\chromedriver\win32\114.0.5735\chromedriver.exe] found in cache
2023-07-22 16:43:53,050 INFO    Updating status of super survey 109 to -711
2023-07-22 16:44:12,624 INFO    Updating status of super survey 109 to 73
2023-07-22 16:44:12,637 INFO    Updating status of super survey 109 to 751
2023-07-22 16:44:12,654 INFO    Selecting routes from sublocality
2023-07-22 16:44:15,382 INFO    Updating status of super survey 109 to 783
2023-07-22 16:44:15,385 INFO    Updating status of super survey 109 to 75
2023-07-22 16:44:15,478 INFO    Updating status of super survey 109 to 200
2023-07-22 16:44:41,608 INFO    Updating status of super survey 108 to -711
2023-07-22 16:45:05,751 INFO    Updating status of super survey 108 to 73
2023-07-22 16:45:05,861 INFO    Updating status of super survey 108 to 751
2023-07-22 16:45:06,236 INFO    Selecting routes from sublocality
2023-07-22 16:45:06,300 INFO    Updating status of super survey 108 to 783
2023-07-22 16:45:06,432 INFO    Updating status of super survey 108 to 75
2023-07-22 16:45:06,571 INFO    Updating status of super survey 108 to 200
