2023-01-14 10:30:14,552 ERROR   Invalid bounding box: e_lng must be > w_lng
2023-01-14 10:30:14,553 INFO    ======================================================================
2023-01-14 10:30:14,553 INFO    Survey 14, for Bauxita, Ouro Preto
2023-01-14 10:30:14,554 INFO    Searching by bounding box, max_zoom=24
2023-01-14 10:30:14,554 INFO    ----------------------------------------------------------------------
2023-01-14 10:30:14,555 ERROR   Exception in get_rectangle_from_quadtree_node
Traceback (most recent call last):
  File "C:\ufop\airbnb-data-collection\airbnb_survey.py", line 843, in get_rectangle_from_quadtree_node
    print("0:4", self.bounding_box[0:4])
                 ~~~~~~~~~~~~~~~~~^^^^^
TypeError: 'NoneType' object is not subscriptable
2023-01-14 10:30:14,557 INFO    Searching rectangle: zoom factor = 0, node = []
2023-01-14 10:30:14,557 ERROR   Exception in get_search_page_info_rectangle
Traceback (most recent call last):
  File "C:\ufop\airbnb-data-collection\airbnb_survey.py", line 556, in search_node
    .format(n=rectangle[0], e=rectangle[1],
              ~~~~~~~~~^^^
TypeError: 'NoneType' object is not subscriptable
2023-01-14 10:30:14,559 ERROR   TypeError in recurse_quadtree
Traceback (most recent call last):
  File "C:\ufop\airbnb-data-collection\airbnb_survey.py", line 506, in recurse_quadtree
    (zoomable, median_leaf) = self.search_node(
                              ^^^^^^^^^^^^^^^^^
  File "C:\ufop\airbnb-data-collection\airbnb_survey.py", line 556, in search_node
    .format(n=rectangle[0], e=rectangle[1],
              ~~~~~~~~~^^^
TypeError: 'NoneType' object is not subscriptable
2023-01-14 10:30:14,560 ERROR   ("'NoneType' object is not subscriptable",)
2023-01-14 10:30:14,560 ERROR   Error
Traceback (most recent call last):
  File "C:\ufop\airbnb-data-collection\airbnb_survey.py", line 445, in search
    self.recurse_quadtree(quadtree_node, median_node, None, flag)
  File "C:\ufop\airbnb-data-collection\airbnb_survey.py", line 506, in recurse_quadtree
    (zoomable, median_leaf) = self.search_node(
                              ^^^^^^^^^^^^^^^^^
  File "C:\ufop\airbnb-data-collection\airbnb_survey.py", line 556, in search_node
    .format(n=rectangle[0], e=rectangle[1],
              ~~~~~~~~~^^^
TypeError: 'NoneType' object is not subscriptable
2023-01-14 10:30:14,563 INFO    Pronto! Pesquisa finalizada!
