2023-06-02 17:09:38,179 INFO    ======================================================================
2023-06-02 17:09:38,181 INFO    Survey 352, for Aiuruoca, Minas Gerais
2023-06-02 17:09:38,185 INFO    Searching by bounding box, max_zoom=24
2023-06-02 17:09:38,186 INFO    ----------------------------------------------------------------------
2023-06-02 17:09:38,187 INFO    Rectangle calculated: [-44.529, -21.742, -44.766, -22.163]
2023-06-02 17:09:38,188 INFO    Searching rectangle: zoom factor = 0, node = []
2023-06-02 17:09:38,765 WARNING HTTP status 403 from web site: IP address blocked. Waiting 0.1 minutes.
2023-06-02 17:09:46,244 INFO    Page 01 returned 00 listings
2023-06-02 17:09:46,255 INFO    Final page of listings for this search
2023-06-02 17:09:46,256 INFO    Results: 1 pages, 0 new rooms
2023-06-02 17:09:46,261 INFO    Finishing survey 352, for Aiuruoca, Minas Gerais
2023-06-02 17:09:46,288 INFO    Initialing search by overall satisfactions
2023-06-02 17:09:46,298 INFO    0 results
2023-06-02 17:09:46,299 INFO    Updating status of super survey 88 to 3
2023-06-02 17:09:46,310 INFO    Updating status of super survey 88 to 41
2023-06-02 17:09:46,315 INFO    Selecting sublocalities from city
2023-06-02 17:09:46,430 INFO    Updating status of super survey 88 to 43
2023-06-02 17:09:46,432 INFO    Updating status of super survey 88 to 4
2023-06-02 17:09:46,433 INFO    Updating status of super survey 88 to 51
2023-06-02 17:09:46,436 INFO    Selecting routes from sublocality
2023-06-02 17:09:46,519 INFO    Updating status of super survey 88 to 53
2023-06-02 17:09:46,520 INFO    Updating status of super survey 88 to 5
2023-06-02 17:09:46,521 INFO    Updating status of super survey 88 to 6
2023-06-02 17:09:46,522 INFO    Updating status of super survey 88 to 7
2023-06-02 17:09:46,545 INFO    Updating status of super survey 88 to 6
