2023-06-02 17:04:41,167 INFO    ======================================================================
2023-06-02 17:04:41,167 INFO    Survey 349, for Aiuruoca, Minas Gerais
2023-06-02 17:04:41,168 INFO    Searching by bounding box, max_zoom=24
2023-06-02 17:04:41,169 INFO    ----------------------------------------------------------------------
2023-06-02 17:04:41,169 INFO    Rectangle calculated: [-44.529, -21.742, -44.766, -22.163]
2023-06-02 17:04:41,169 INFO    Searching rectangle: zoom factor = 0, node = []
2023-06-02 17:04:41,503 WARNING HTTP status 403 from web site: IP address blocked. Waiting 0.1 minutes.
2023-06-02 17:04:48,441 WARNING HTTP status 403 from web site: IP address blocked. Waiting 0.1 minutes.
2023-06-02 17:04:55,148 WARNING HTTP status 403 from web site: IP address blocked. Waiting 0.1 minutes.
2023-06-02 17:05:02,261 WARNING HTTP status 403 from web site: IP address blocked. Waiting 0.1 minutes.
2023-06-02 17:05:09,581 INFO    Page 01 returned 00 listings
2023-06-02 17:05:09,582 INFO    Final page of listings for this search
2023-06-02 17:05:09,582 INFO    Results: 1 pages, 0 new rooms
2023-06-02 17:05:09,585 INFO    Finishing survey 349, for Aiuruoca, Minas Gerais
2023-06-02 17:05:09,588 INFO    Initialing search by overall satisfactions
2023-06-02 17:05:09,591 INFO    0 results
2023-06-02 17:05:09,591 INFO    Updating status of super survey 88
2023-06-02 17:05:09,593 INFO    Updating status of super survey 88
2023-06-02 17:05:09,594 INFO    Selecting sublocalities from city
2023-06-02 17:05:09,671 INFO    Updating status of super survey 88
2023-06-02 17:05:09,672 INFO    Updating status of super survey 88
2023-06-02 17:05:09,674 INFO    Updating status of super survey 88
2023-06-02 17:05:09,676 INFO    Selecting routes from sublocality
2023-06-02 17:05:09,751 INFO    Updating status of super survey 88
2023-06-02 17:05:09,753 INFO    Updating status of super survey 88
2023-06-02 17:05:09,755 INFO    Updating status of super survey 88
2023-06-02 17:05:09,756 INFO    Updating status of super survey 88
2023-06-02 17:05:09,759 INFO    Updating status of super survey 0
2023-06-02 17:05:09,759 ERROR   Failed to update status of super survey 0
2023-06-02 17:05:10,475 INFO    ====== WebDriver manager ======
2023-06-02 17:05:10,948 INFO    Get LATEST chromedriver version for google-chrome 113.0.5672
2023-06-02 17:05:11,699 INFO    Driver [C:\Users\Usuario\.wdm\drivers\chromedriver\win32\113.0.5672\chromedriver.exe] found in cache
