2023-01-14 11:39:59,263 INFO    ======================================================================
2023-01-14 11:39:59,264 INFO    Survey 75, for Ouro Preto, Minas Gerais
2023-01-14 11:39:59,265 INFO    Searching by bounding box, max_zoom=24
2023-01-14 11:39:59,265 INFO    ----------------------------------------------------------------------
2023-01-14 11:39:59,266 INFO    Rectangle calculated: [-20.2519, -43.4372, -20.5229, -43.7846]
2023-01-14 11:39:59,266 INFO    Searching rectangle: zoom factor = 0, node = []
2023-01-14 11:40:00,210 INFO    Page 01 returned 18 listings
2023-01-14 11:40:01,926 INFO    Room 30403033: insert failed
2023-01-14 11:40:01,929 INFO    Room 47939876: insert failed
2023-01-14 11:40:01,932 INFO    Room 51978370: insert failed
2023-01-14 11:40:01,935 INFO    Room 40752066: insert failed
2023-01-14 11:40:01,937 INFO    Room 41502392: insert failed
2023-01-14 11:40:01,946 INFO    Room 714323517316563160: insert failed
2023-01-14 11:40:01,950 INFO    Room 736390796820280107: insert failed
2023-01-14 11:40:01,953 INFO    Room 51217390: insert failed
2023-01-14 11:40:01,956 INFO    Room 52024666: insert failed
2023-01-14 11:40:01,959 INFO    Room 54222723: insert failed
2023-01-14 11:40:01,961 INFO    Room 47334727: insert failed
2023-01-14 11:40:01,964 INFO    Room 740983683035077351: insert failed
2023-01-14 11:40:01,967 INFO    Room 794011987542751252: insert failed
2023-01-14 11:40:01,970 INFO    Room 50723507: insert failed
2023-01-14 11:40:01,973 INFO    Room 19969297: insert failed
2023-01-14 11:40:01,974 INFO    Page 02 returned 18 listings
2023-01-14 11:40:02,697 INFO    Room 42270186: insert failed
2023-01-14 11:40:02,699 INFO    Room 762279793881682516: insert failed
2023-01-14 11:40:02,741 INFO    Page 03 returned 18 listings
2023-01-14 11:40:03,702 INFO    Page 04 returned 18 listings
2023-01-14 11:40:04,910 INFO    Page 05 returned 18 listings
2023-01-14 11:40:05,420 INFO    Page 06 returned 00 listings
2023-01-14 11:40:05,421 INFO    Final page of listings for this search
2023-01-14 11:40:05,421 INFO    Results: 6 pages, 73 new rooms
2023-01-14 11:40:05,423 INFO    Finishing survey 75, for Ouro Preto, Minas Gerais
2023-01-14 11:40:06,171 ERROR   Top level exception handler: quitting.
Traceback (most recent call last):
  File "C:\ufop\airbnb-data-collection\airbnb.py", line 843, in main
    full_survey(ab_config, args.full_survey, False, True)
  File "C:\ufop\airbnb-data-collection\airbnb.py", line 654, in full_survey
    update_routes_geolocation(ab_config, area)
  File "C:\ufop\airbnb-data-collection\airbnb.py", line 285, in update_routes_geolocation
    location.insert_in_table_location(config)
  File "C:\ufop\airbnb-data-collection\airbnb_geocoding.py", line 69, in insert_in_table_location
    cur.execute("""
psycopg2.errors.UndefinedTable: relation "location" does not exist
LINE 2:             SELECT location_id from location
                                            ^

