2023-06-02 17:13:21,155 INFO    ====== WebDriver manager ======
2023-06-02 17:13:21,584 INFO    Get LATEST chromedriver version for google-chrome 113.0.5672
2023-06-02 17:13:24,304 INFO    Driver [C:\Users\Usuario\.wdm\drivers\chromedriver\win32\113.0.5672\chromedriver.exe] found in cache
2023-06-02 17:13:41,096 INFO    ====== WebDriver manager ======
2023-06-02 17:13:41,697 INFO    Get LATEST chromedriver version for google-chrome 113.0.5672
2023-06-02 17:13:42,507 INFO    Driver [C:\Users\Usuario\.wdm\drivers\chromedriver\win32\113.0.5672\chromedriver.exe] found in cache
2023-06-02 17:14:16,515 INFO    Updating status of super survey 88 to -11
2023-06-02 17:14:20,681 INFO    Updating status of super survey 88 to 3
2023-06-02 17:14:20,683 INFO    Updating status of super survey 88 to 41
2023-06-02 17:14:20,719 INFO    Selecting sublocalities from city
2023-06-02 17:14:20,786 INFO    Updating status of super survey 88 to 43
2023-06-02 17:14:20,788 INFO    Updating status of super survey 88 to 4
2023-06-02 17:14:20,789 INFO    Updating status of super survey 88 to 51
2023-06-02 17:14:20,791 INFO    Selecting routes from sublocality
2023-06-02 17:14:20,861 INFO    Updating status of super survey 88 to 53
2023-06-02 17:14:20,863 INFO    Updating status of super survey 88 to 5
2023-06-02 17:14:20,864 INFO    Updating status of super survey 88 to 200
2023-06-02 17:15:21,670 INFO    127.0.0.1 - - [02/Jun/2023 17:15:21] "OPTIONS /super_survey/getall HTTP/1.1" 200 -
2023-06-02 17:15:21,924 INFO    Initializing export Airbnb's rooms
2023-06-02 17:15:21,931 INFO    127.0.0.1 - - [02/Jun/2023 17:15:21] "POST /super_survey/getall HTTP/1.1" 200 -
2023-06-02 17:15:40,603 INFO    127.0.0.1 - - [02/Jun/2023 17:15:40] "OPTIONS /details/prepare HTTP/1.1" 200 -
2023-06-02 17:15:40,920 INFO    Selecionando colunas da configuração de pesquisa
2023-06-02 17:15:40,969 INFO    Selecionando valores mínimo e máximo para price
2023-06-02 17:15:41,076 INFO    Selecionando valores mínimo e máximo para property_type
2023-06-02 17:15:41,135 INFO    Selecionando valores mínimo e máximo para room_type
2023-06-02 17:15:41,242 INFO    Selecionando valores mínimo e máximo para minstay
2023-06-02 17:15:41,306 INFO    Selecionando valores mínimo e máximo para reviews
2023-06-02 17:15:41,364 INFO    Selecionando valores mínimo e máximo para accommodates
2023-06-02 17:15:41,417 INFO    Selecionando valores mínimo e máximo para bedrooms
2023-06-02 17:15:41,481 INFO    Selecionando valores mínimo e máximo para bathrooms
2023-06-02 17:15:41,536 INFO    Selecionando valores mínimo e máximo para route
2023-06-02 17:15:41,604 INFO    Selecionando valores mínimo e máximo para sublocality
2023-06-02 17:15:41,672 INFO    Selecionando valores mínimo e máximo para locality
2023-06-02 17:15:41,727 INFO    Selecionando valores mínimo e máximo para avg_rating
2023-06-02 17:15:41,782 INFO    Selecionando valores mínimo e máximo para location_id
2023-06-02 17:15:41,894 INFO    127.0.0.1 - - [02/Jun/2023 17:15:41] "[35m[1mPOST /details/prepare HTTP/1.1[0m" 500 -
2023-06-02 17:16:18,553 INFO    127.0.0.1 - - [02/Jun/2023 17:16:18] "OPTIONS /super_survey/getall HTTP/1.1" 200 -
2023-06-02 17:16:18,871 INFO    Initializing export Airbnb's rooms
2023-06-02 17:16:18,877 INFO    127.0.0.1 - - [02/Jun/2023 17:16:18] "POST /super_survey/getall HTTP/1.1" 200 -
2023-06-02 17:16:21,265 INFO    127.0.0.1 - - [02/Jun/2023 17:16:21] "OPTIONS /super_survey/continue HTTP/1.1" 200 -
2023-06-02 17:16:21,584 INFO    Selecionando colunas da configuração de pesquisa
2023-06-02 17:16:21,629 INFO    127.0.0.1 - - [02/Jun/2023 17:16:21] "POST /super_survey/continue HTTP/1.1" 200 -
2023-06-02 17:16:21,630 INFO    Updating status of super survey 87 to 11
2023-06-02 17:16:22,284 INFO    Initializing update of survey with super survey id
2023-06-02 17:16:22,287 INFO    ======================================================================
2023-06-02 17:16:22,289 INFO    Survey 355, for Aiuruoca, Minas Gerais
2023-06-02 17:16:22,289 INFO    Searching by bounding box, max_zoom=24
2023-06-02 17:16:22,289 INFO    ----------------------------------------------------------------------
2023-06-02 17:16:22,290 INFO    Rectangle calculated: [-44.529, -21.742, -44.766, -22.163]
2023-06-02 17:16:22,290 INFO    Searching rectangle: zoom factor = 0, node = []
2023-06-02 17:16:23,806 INFO    Page 01 returned 00 listings
2023-06-02 17:16:23,806 INFO    Final page of listings for this search
2023-06-02 17:16:23,807 INFO    Results: 1 pages, 0 new rooms
2023-06-02 17:16:23,809 INFO    Finishing survey 355, for Aiuruoca, Minas Gerais
2023-06-02 17:16:23,810 INFO    Initialing search by overall satisfactions
2023-06-02 17:16:23,812 INFO    0 results
2023-06-02 17:16:23,812 INFO    Updating status of super survey 87 to 3
2023-06-02 17:16:23,814 INFO    Updating status of super survey 87 to 41
2023-06-02 17:16:23,815 INFO    Selecting sublocalities from city
2023-06-02 17:16:23,873 INFO    Updating status of super survey 87 to 43
2023-06-02 17:16:23,874 INFO    Updating status of super survey 87 to 4
2023-06-02 17:16:23,875 INFO    Updating status of super survey 87 to 51
2023-06-02 17:16:23,877 INFO    Selecting routes from sublocality
2023-06-02 17:16:23,928 INFO    Updating status of super survey 87 to 53
2023-06-02 17:16:23,930 INFO    Updating status of super survey 87 to 5
2023-06-02 17:16:23,931 INFO    Updating status of super survey 87 to 6
2023-06-02 17:16:23,932 INFO    Updating status of super survey 87 to 7
2023-06-02 17:16:23,933 INFO    Updating status of super survey 87 to 11
2023-06-02 17:16:24,560 INFO    Initializing update of survey with super survey id
2023-06-02 17:16:24,563 INFO    ====== WebDriver manager ======
2023-06-02 17:16:25,013 INFO    Get LATEST chromedriver version for google-chrome 113.0.5672
2023-06-02 17:16:25,683 INFO    Driver [C:\Users\Usuario\.wdm\drivers\chromedriver\win32\113.0.5672\chromedriver.exe] found in cache
2023-06-02 17:16:47,232 INFO    ====== WebDriver manager ======
2023-06-02 17:16:47,648 INFO    Get LATEST chromedriver version for google-chrome 113.0.5672
2023-06-02 17:16:48,230 INFO    Driver [C:\Users\Usuario\.wdm\drivers\chromedriver\win32\113.0.5672\chromedriver.exe] found in cache
2023-06-02 17:17:03,290 INFO    Updating status of super survey 87 to -11
2023-06-02 17:17:07,514 INFO    Updating status of super survey 87 to 3
2023-06-02 17:17:07,516 INFO    Updating status of super survey 87 to 41
2023-06-02 17:17:07,519 INFO    Selecting sublocalities from city
2023-06-02 17:17:07,579 INFO    Updating status of super survey 87 to 43
2023-06-02 17:17:07,581 INFO    Updating status of super survey 87 to 4
2023-06-02 17:17:07,584 INFO    Updating status of super survey 87 to 51
2023-06-02 17:17:07,586 INFO    Selecting routes from sublocality
2023-06-02 17:17:07,645 INFO    Updating status of super survey 87 to 53
2023-06-02 17:17:07,647 INFO    Updating status of super survey 87 to 5
2023-06-02 17:17:07,649 INFO    Updating status of super survey 87 to 200
2023-06-02 17:28:51,932 INFO     * Detected change in 'C:\\mono\\mono\\backend\\search.py', reloading
