2023-01-14 10:28:26,231 ERROR   Invalid bounding box: e_lng must be > w_lng
2023-01-14 10:28:26,231 INFO    ======================================================================
2023-01-14 10:28:26,231 INFO    Survey 12, for Bauxita, Ouro Preto
2023-01-14 10:28:26,232 INFO    Searching by bounding box, max_zoom=24
2023-01-14 10:28:26,233 INFO    ----------------------------------------------------------------------
2023-01-14 10:28:26,233 ERROR   Exception in get_rectangle_from_quadtree_node
Traceback (most recent call last):
  File "C:\ufop\airbnb-data-collection\airbnb_survey.py", line 842, in get_rectangle_from_quadtree_node
    rectangle = self.bounding_box[0:4]
                ~~~~~~~~~~~~~~~~~^^^^^
TypeError: 'NoneType' object is not subscriptable
2023-01-14 10:28:26,253 INFO    Searching rectangle: zoom factor = 0, node = []
2023-01-14 10:28:26,253 ERROR   Exception in get_search_page_info_rectangle
Traceback (most recent call last):
  File "C:\ufop\airbnb-data-collection\airbnb_survey.py", line 556, in search_node
    .format(n=rectangle[0], e=rectangle[1],
              ~~~~~~~~~^^^
TypeError: 'NoneType' object is not subscriptable
2023-01-14 10:28:26,254 ERROR   TypeError in recurse_quadtree
Traceback (most recent call last):
  File "C:\ufop\airbnb-data-collection\airbnb_survey.py", line 506, in recurse_quadtree
    (zoomable, median_leaf) = self.search_node(
                              ^^^^^^^^^^^^^^^^^
  File "C:\ufop\airbnb-data-collection\airbnb_survey.py", line 556, in search_node
    .format(n=rectangle[0], e=rectangle[1],
              ~~~~~~~~~^^^
TypeError: 'NoneType' object is not subscriptable
2023-01-14 10:28:26,256 ERROR   ("'NoneType' object is not subscriptable",)
2023-01-14 10:28:26,257 ERROR   Error
Traceback (most recent call last):
  File "C:\ufop\airbnb-data-collection\airbnb_survey.py", line 445, in search
    self.recurse_quadtree(quadtree_node, median_node, None, flag)
  File "C:\ufop\airbnb-data-collection\airbnb_survey.py", line 506, in recurse_quadtree
    (zoomable, median_leaf) = self.search_node(
                              ^^^^^^^^^^^^^^^^^
  File "C:\ufop\airbnb-data-collection\airbnb_survey.py", line 556, in search_node
    .format(n=rectangle[0], e=rectangle[1],
              ~~~~~~~~~^^^
TypeError: 'NoneType' object is not subscriptable
2023-01-14 10:28:26,259 INFO    Pronto! Pesquisa finalizada!
