2023-01-14 10:52:35,918 INFO    ======================================================================
2023-01-14 10:52:35,919 INFO    Survey 34, for Ouro Preto
2023-01-14 10:52:35,920 INFO    Searching by bounding box, max_zoom=24
2023-01-14 10:52:35,920 INFO    ----------------------------------------------------------------------
2023-01-14 10:52:35,920 INFO    Rectangle calculated: [-20.2519, -43.4372, -20.5229, -43.7846]
2023-01-14 10:52:35,921 INFO    Searching rectangle: zoom factor = 0, node = []
2023-01-14 10:52:37,552 INFO    Page 01 returned 18 listings
2023-01-14 10:52:38,597 INFO    Room 47939876: insert failed
2023-01-14 10:52:38,602 INFO    Room 30403033: insert failed
2023-01-14 10:52:38,607 INFO    Room 51978370: insert failed
2023-01-14 10:52:38,612 INFO    Room 41502392: insert failed
2023-01-14 10:52:38,618 INFO    Room 40752066: insert failed
2023-01-14 10:52:38,623 INFO    Room 43805080: insert failed
2023-01-14 10:52:38,629 INFO    Room 714323517316563160: insert failed
2023-01-14 10:52:38,635 INFO    Room 736390796820280107: insert failed
2023-01-14 10:52:38,641 INFO    Room 51217390: insert failed
2023-01-14 10:52:38,647 INFO    Room 52024666: insert failed
2023-01-14 10:52:38,652 INFO    Room 54222723: insert failed
2023-01-14 10:52:38,657 INFO    Room 47334727: insert failed
2023-01-14 10:52:38,663 INFO    Room 740983683035077351: insert failed
2023-01-14 10:52:38,669 INFO    Room 50723507: insert failed
2023-01-14 10:52:38,674 INFO    Room 794011987542751252: insert failed
2023-01-14 10:52:38,679 INFO    Room 19969297: insert failed
2023-01-14 10:52:38,686 INFO    Page 02 returned 18 listings
2023-01-14 10:52:39,626 INFO    Room 50240014: insert failed
2023-01-14 10:52:39,631 INFO    Room 762279793881682516: insert failed
2023-01-14 10:52:39,728 INFO    Page 03 returned 18 listings
