2023-06-02 19:14:37,856 INFO    ======================================================================
2023-06-02 19:14:37,856 INFO    Survey 366, for Mariana, Minas Gerais
2023-06-02 19:14:37,857 INFO    Searching by bounding box, max_zoom=24
2023-06-02 19:14:37,858 INFO    ----------------------------------------------------------------------
2023-06-02 19:14:37,859 INFO    Rectangle calculated: [-43.123, -20.122, -43.535, -20.55]
2023-06-02 19:14:37,859 INFO    Searching rectangle: zoom factor = 0, node = []
2023-06-02 19:14:37,946 INFO    127.0.0.1 - - [02/Jun/2023 19:14:37] "GET /super_survey/get_data_columns?platform=both HTTP/1.1" 200 -
2023-06-02 19:14:38,422 WARNING HTTP status 403 from web site: IP address blocked. Waiting 0.1 minutes.
2023-06-02 19:14:45,906 WARNING HTTP status 403 from web site: IP address blocked. Waiting 0.1 minutes.
2023-06-02 19:14:52,383 INFO    Page 01 returned 00 listings
2023-06-02 19:14:52,385 INFO    Final page of listings for this search
2023-06-02 19:14:52,386 INFO    Results: 1 pages, 0 new rooms
2023-06-02 19:14:52,391 INFO    Finishing survey 366, for Mariana, Minas Gerais
2023-06-02 19:14:52,397 INFO    Initialing search by overall satisfactions
2023-06-02 19:14:52,399 INFO    0 results
2023-06-02 19:14:52,399 INFO    Updating status of super survey None to 73
2023-06-02 19:14:52,401 ERROR   Failed to update status of super survey None to 73
2023-06-02 19:14:52,402 INFO    Updating status of super survey None to 51
2023-06-02 19:14:52,403 ERROR   Failed to update status of super survey None to 51
2023-06-02 19:14:52,404 INFO    Selecting routes from sublocality
2023-06-02 19:14:52,411 INFO    Updating status of super survey None to 83
2023-06-02 19:14:52,412 ERROR   Failed to update status of super survey None to 83
2023-06-02 19:14:52,412 INFO    Updating status of super survey None to 75
2023-06-02 19:14:52,413 ERROR   Failed to update status of super survey None to 75
2023-06-02 19:14:52,414 INFO    Updating status of super survey None to 6
2023-06-02 19:14:52,414 ERROR   Failed to update status of super survey None to 6
2023-06-02 19:14:52,415 INFO    Updating status of super survey None to 7
2023-06-02 19:14:52,415 ERROR   Failed to update status of super survey None to 7
2023-06-02 19:14:52,415 INFO    Updating status of super survey None to 711
2023-06-02 19:14:52,416 ERROR   Failed to update status of super survey None to 711
2023-06-02 19:14:53,136 INFO    ====== WebDriver manager ======
2023-06-02 19:14:55,741 INFO    Get LATEST chromedriver version for google-chrome 113.0.5672
2023-06-02 19:14:56,401 INFO    Driver [C:\Users\Usuario\.wdm\drivers\chromedriver\win32\113.0.5672\chromedriver.exe] found in cache
2023-06-02 19:15:14,450 INFO    ====== WebDriver manager ======
2023-06-02 19:15:15,433 INFO    Get LATEST chromedriver version for google-chrome 113.0.5672
2023-06-02 19:15:16,145 INFO    Driver [C:\Users\Usuario\.wdm\drivers\chromedriver\win32\113.0.5672\chromedriver.exe] found in cache
2023-06-02 19:15:30,499 INFO    Updating status of super survey None to -711
2023-06-02 19:15:30,500 ERROR   Failed to update status of super survey None to -711
2023-06-02 19:15:34,750 INFO    Updating status of super survey None to 73
2023-06-02 19:15:34,754 ERROR   Failed to update status of super survey None to 73
2023-06-02 19:15:34,755 INFO    Updating status of super survey None to 751
2023-06-02 19:15:34,759 ERROR   Failed to update status of super survey None to 751
2023-06-02 19:15:34,761 INFO    Selecting routes from sublocality
2023-06-02 19:15:34,766 INFO    Updating status of super survey None to 783
2023-06-02 19:15:34,767 ERROR   Failed to update status of super survey None to 783
2023-06-02 19:15:34,768 INFO    Updating status of super survey None to 75
2023-06-02 19:15:34,769 ERROR   Failed to update status of super survey None to 75
2023-06-02 19:15:34,769 INFO    Updating status of super survey None to 200
2023-06-02 19:15:34,771 ERROR   Failed to update status of super survey None to 200
2023-06-02 19:17:12,935 INFO    127.0.0.1 - - [02/Jun/2023 19:17:12] "GET /super_survey/get_data_columns?platform=both HTTP/1.1" 200 -
2023-06-02 19:17:13,205 INFO    127.0.0.1 - - [02/Jun/2023 19:17:13] "GET /super_survey/get_data_columns?platform=both HTTP/1.1" 200 -
2023-06-02 19:17:13,246 INFO    127.0.0.1 - - [02/Jun/2023 19:17:13] "GET /super_survey/get_data_columns?platform=both HTTP/1.1" 200 -
2023-06-02 19:17:13,512 INFO    127.0.0.1 - - [02/Jun/2023 19:17:13] "GET /super_survey/get_data_columns?platform=both HTTP/1.1" 200 -
2023-06-02 19:17:13,798 INFO    127.0.0.1 - - [02/Jun/2023 19:17:13] "GET /super_survey/get_data_columns?platform=both HTTP/1.1" 200 -
2023-06-02 19:17:13,909 INFO    127.0.0.1 - - [02/Jun/2023 19:17:13] "GET /super_survey/get_data_columns?platform=both HTTP/1.1" 200 -
2023-06-02 19:17:14,586 INFO    127.0.0.1 - - [02/Jun/2023 19:17:14] "GET /super_survey/get_data_columns?platform=both HTTP/1.1" 200 -
2023-06-02 19:17:14,850 INFO    127.0.0.1 - - [02/Jun/2023 19:17:14] "GET /super_survey/get_data_columns?platform=both HTTP/1.1" 200 -
2023-06-02 19:17:14,897 INFO    127.0.0.1 - - [02/Jun/2023 19:17:14] "GET /super_survey/get_data_columns?platform=both HTTP/1.1" 200 -
2023-06-02 19:17:15,162 INFO    127.0.0.1 - - [02/Jun/2023 19:17:15] "GET /super_survey/get_data_columns?platform=both HTTP/1.1" 200 -
2023-06-02 19:17:15,207 INFO    127.0.0.1 - - [02/Jun/2023 19:17:15] "GET /super_survey/get_data_columns?platform=both HTTP/1.1" 200 -
2023-06-02 19:17:15,474 INFO    127.0.0.1 - - [02/Jun/2023 19:17:15] "GET /super_survey/get_data_columns?platform=both HTTP/1.1" 200 -
2023-06-02 19:17:15,519 INFO    127.0.0.1 - - [02/Jun/2023 19:17:15] "GET /super_survey/get_data_columns?platform=both HTTP/1.1" 200 -
2023-06-02 19:17:15,790 INFO    127.0.0.1 - - [02/Jun/2023 19:17:15] "GET /super_survey/get_data_columns?platform=both HTTP/1.1" 200 -
2023-06-02 19:17:16,686 INFO    127.0.0.1 - - [02/Jun/2023 19:17:16] "GET /super_survey/get_data_columns?platform=both HTTP/1.1" 200 -
2023-06-02 19:17:17,008 INFO    127.0.0.1 - - [02/Jun/2023 19:17:17] "OPTIONS /super_survey/save HTTP/1.1" 200 -
2023-06-02 19:17:17,011 INFO    127.0.0.1 - - [02/Jun/2023 19:17:17] "GET /super_survey/get_data_columns?platform=both HTTP/1.1" 200 -
2023-06-02 19:17:17,328 INFO    127.0.0.1 - - [02/Jun/2023 19:17:17] "GET /super_survey/get_data_columns?platform=both HTTP/1.1" 200 -
2023-06-02 19:17:17,330 INFO    Configurando pesquisa
2023-06-02 19:17:17,332 INFO    Salvando configurações da pesquisa...
2023-06-02 19:17:17,334 INFO    Updating status of super survey 92 to 1
2023-06-02 19:17:17,338 INFO    127.0.0.1 - - [02/Jun/2023 19:17:17] "POST /super_survey/save HTTP/1.1" 200 -
2023-06-02 19:17:17,338 INFO    Updating status of super survey None to 11
2023-06-02 19:17:17,340 ERROR   Failed to update status of super survey None to 11
2023-06-02 19:17:17,646 INFO    127.0.0.1 - - [02/Jun/2023 19:17:17] "GET /super_survey/get_data_columns?platform=both HTTP/1.1" 200 -
2023-06-02 19:17:18,086 INFO    ======================================================================
2023-06-02 19:17:18,087 INFO    Survey 368, for Tiradentes, Minas Gerais
2023-06-02 19:17:18,089 INFO    Searching by bounding box, max_zoom=24
2023-06-02 19:17:18,090 INFO    ----------------------------------------------------------------------
2023-06-02 19:17:18,091 INFO    Rectangle calculated: [-44.092, -21.0524427, -44.22432, -21.1790624]
2023-06-02 19:17:18,091 INFO    Searching rectangle: zoom factor = 0, node = []
2023-06-02 19:17:19,674 WARNING HTTP status 403 from web site: IP address blocked. Waiting 0.1 minutes.
2023-06-02 19:17:28,477 WARNING HTTP status 403 from web site: IP address blocked. Waiting 0.1 minutes.
2023-06-02 19:17:35,089 INFO    Page 01 returned 00 listings
2023-06-02 19:17:35,090 INFO    Final page of listings for this search
2023-06-02 19:17:35,090 INFO    Results: 1 pages, 0 new rooms
2023-06-02 19:17:35,092 INFO    Finishing survey 368, for Tiradentes, Minas Gerais
2023-06-02 19:17:35,095 INFO    Initialing search by overall satisfactions
2023-06-02 19:17:35,096 INFO    0 results
2023-06-02 19:17:35,097 INFO    Updating status of super survey None to 73
2023-06-02 19:17:35,098 ERROR   Failed to update status of super survey None to 73
2023-06-02 19:17:35,098 INFO    Updating status of super survey None to 51
2023-06-02 19:17:35,099 ERROR   Failed to update status of super survey None to 51
2023-06-02 19:17:35,100 INFO    Selecting routes from sublocality
2023-06-02 19:17:35,101 INFO    Updating status of super survey None to 83
2023-06-02 19:17:35,102 ERROR   Failed to update status of super survey None to 83
2023-06-02 19:17:35,102 INFO    Updating status of super survey None to 75
2023-06-02 19:17:35,103 ERROR   Failed to update status of super survey None to 75
2023-06-02 19:17:35,104 INFO    Updating status of super survey None to 6
2023-06-02 19:17:35,105 ERROR   Failed to update status of super survey None to 6
2023-06-02 19:17:35,105 INFO    Updating status of super survey None to 7
2023-06-02 19:17:35,106 ERROR   Failed to update status of super survey None to 7
2023-06-02 19:17:35,107 INFO    Updating status of super survey None to 711
2023-06-02 19:17:35,108 ERROR   Failed to update status of super survey None to 711
2023-06-02 19:17:35,922 INFO    ====== WebDriver manager ======
2023-06-02 19:17:36,814 INFO    Get LATEST chromedriver version for google-chrome 113.0.5672
2023-06-02 19:17:37,527 INFO    Driver [C:\Users\Usuario\.wdm\drivers\chromedriver\win32\113.0.5672\chromedriver.exe] found in cache
2023-06-02 19:17:51,015 INFO    ====== WebDriver manager ======
2023-06-02 19:17:52,068 INFO    Get LATEST chromedriver version for google-chrome 113.0.5672
2023-06-02 19:17:52,674 INFO    Driver [C:\Users\Usuario\.wdm\drivers\chromedriver\win32\113.0.5672\chromedriver.exe] found in cache
2023-06-02 19:18:07,056 INFO    Updating status of super survey None to -711
2023-06-02 19:18:07,061 ERROR   Failed to update status of super survey None to -711
2023-06-02 19:18:12,096 INFO    Updating status of super survey None to 73
2023-06-02 19:18:12,098 ERROR   Failed to update status of super survey None to 73
2023-06-02 19:18:12,098 INFO    Updating status of super survey None to 751
2023-06-02 19:18:12,099 ERROR   Failed to update status of super survey None to 751
2023-06-02 19:18:12,100 INFO    Selecting routes from sublocality
2023-06-02 19:18:12,102 INFO    Updating status of super survey None to 783
2023-06-02 19:18:12,103 ERROR   Failed to update status of super survey None to 783
2023-06-02 19:18:12,103 INFO    Updating status of super survey None to 75
2023-06-02 19:18:12,104 ERROR   Failed to update status of super survey None to 75
2023-06-02 19:18:12,235 INFO    Updating status of super survey None to 200
2023-06-02 19:18:12,237 ERROR   Failed to update status of super survey None to 200
