2023-01-14 10:36:42,719 ERROR   Invalid bounding box: e_lng must be > w_lng
2023-01-14 10:36:42,720 INFO    ======================================================================
2023-01-14 10:36:42,720 INFO    Survey 20, for Bauxita, Ouro Preto
2023-01-14 10:36:42,721 INFO    Searching by bounding box, max_zoom=24
2023-01-14 10:36:42,721 INFO    ----------------------------------------------------------------------
2023-01-14 10:36:42,722 ERROR   Exception in get_rectangle_from_quadtree_node
Traceback (most recent call last):
  File "C:\ufop\airbnb-data-collection\airbnb_survey.py", line 842, in get_rectangle_from_quadtree_node
    rectangle = self.bounding_box[0:4]
                ~~~~~~~~~~~~~~~~~^^^^^
TypeError: 'NoneType' object is not subscriptable
2023-01-14 10:36:42,724 INFO    Searching rectangle: zoom factor = 0, node = []
2023-01-14 10:36:42,724 ERROR   Exception in get_search_page_info_rectangle
Traceback (most recent call last):
  File "C:\ufop\airbnb-data-collection\airbnb_survey.py", line 556, in search_node
    .format(n=rectangle[0], e=rectangle[1],
              ~~~~~~~~~^^^
TypeError: 'NoneType' object is not subscriptable
2023-01-14 10:36:42,725 ERROR   TypeError in recurse_quadtree
Traceback (most recent call last):
  File "C:\ufop\airbnb-data-collection\airbnb_survey.py", line 506, in recurse_quadtree
    (zoomable, median_leaf) = self.search_node(
                              ^^^^^^^^^^^^^^^^^
  File "C:\ufop\airbnb-data-collection\airbnb_survey.py", line 556, in search_node
    .format(n=rectangle[0], e=rectangle[1],
              ~~~~~~~~~^^^
TypeError: 'NoneType' object is not subscriptable
2023-01-14 10:36:42,726 ERROR   ("'NoneType' object is not subscriptable",)
2023-01-14 10:36:42,726 ERROR   Error
Traceback (most recent call last):
  File "C:\ufop\airbnb-data-collection\airbnb_survey.py", line 445, in search
    self.recurse_quadtree(quadtree_node, median_node, None, flag)
  File "C:\ufop\airbnb-data-collection\airbnb_survey.py", line 506, in recurse_quadtree
    (zoomable, median_leaf) = self.search_node(
                              ^^^^^^^^^^^^^^^^^
  File "C:\ufop\airbnb-data-collection\airbnb_survey.py", line 556, in search_node
    .format(n=rectangle[0], e=rectangle[1],
              ~~~~~~~~~^^^
TypeError: 'NoneType' object is not subscriptable
2023-01-14 10:36:42,728 INFO    Pronto! Pesquisa finalizada!
