2023-06-02 16:54:01,156 INFO    ====== WebDriver manager ======
2023-06-02 16:54:01,767 INFO    Get LATEST chromedriver version for google-chrome 113.0.5672
2023-06-02 16:54:02,355 INFO    Driver [C:\Users\Usuario\.wdm\drivers\chromedriver\win32\113.0.5672\chromedriver.exe] found in cache
2023-06-02 16:54:24,225 INFO    ====== WebDriver manager ======
2023-06-02 16:54:24,682 INFO    Get LATEST chromedriver version for google-chrome 113.0.5672
2023-06-02 16:54:25,463 INFO    Driver [C:\Users\Usuario\.wdm\drivers\chromedriver\win32\113.0.5672\chromedriver.exe] found in cache
2023-06-02 16:54:45,060 INFO    Updating status of super survey 0
2023-06-02 16:54:45,138 ERROR   Failed to update status of super survey 0
2023-06-02 16:54:50,545 INFO    Updating status of super survey 0
2023-06-02 16:54:50,547 ERROR   Failed to update status of super survey 0
2023-06-02 16:54:50,550 INFO    Updating status of super survey 1
2023-06-02 16:54:50,554 INFO    Selecting sublocalities from city
2023-06-02 16:54:50,557 INFO    Updating status of super survey 1
2023-06-02 16:54:50,560 INFO    Updating status of super survey 0
2023-06-02 16:54:50,563 ERROR   Failed to update status of super survey 0
2023-06-02 16:54:50,565 INFO    Updating status of super survey 1
2023-06-02 16:54:50,577 INFO    Selecting routes from sublocality
2023-06-02 16:54:50,579 INFO    Updating status of super survey 1
2023-06-02 16:54:50,581 INFO    Updating status of super survey 0
2023-06-02 16:54:50,583 ERROR   Failed to update status of super survey 0
2023-06-02 16:54:50,583 INFO    Updating status of super survey 0
2023-06-02 16:54:50,585 ERROR   Failed to update status of super survey 0
