2023-06-02 16:58:15,125 INFO    ====== WebDriver manager ======
2023-06-02 16:58:17,539 INFO    Get LATEST chromedriver version for google-chrome 113.0.5672
2023-06-02 16:58:18,228 INFO    Driver [C:\Users\Usuario\.wdm\drivers\chromedriver\win32\113.0.5672\chromedriver.exe] found in cache
2023-06-02 16:58:41,988 INFO    ====== WebDriver manager ======
2023-06-02 16:58:42,476 INFO    Get LATEST chromedriver version for google-chrome 113.0.5672
2023-06-02 16:58:43,167 INFO    Driver [C:\Users\Usuario\.wdm\drivers\chromedriver\win32\113.0.5672\chromedriver.exe] found in cache
2023-06-02 16:59:02,975 INFO    ====== WebDriver manager ======
2023-06-02 16:59:13,205 INFO    Get LATEST chromedriver version for google-chrome 113.0.5672
2023-06-02 16:59:15,061 INFO    Driver [C:\Users\Usuario\.wdm\drivers\chromedriver\win32\113.0.5672\chromedriver.exe] found in cache
2023-06-02 16:59:42,380 INFO    Updating status of super survey 0
2023-06-02 16:59:42,382 ERROR   Failed to update status of super survey 0
2023-06-02 16:59:46,498 INFO    Updating status of super survey 0
2023-06-02 16:59:46,500 ERROR   Failed to update status of super survey 0
2023-06-02 16:59:46,501 INFO    Updating status of super survey 1
2023-06-02 16:59:46,505 INFO    Selecting sublocalities from city
2023-06-02 16:59:46,567 INFO    Updating status of super survey 1
2023-06-02 16:59:46,569 INFO    Updating status of super survey 0
2023-06-02 16:59:46,571 ERROR   Failed to update status of super survey 0
2023-06-02 16:59:46,571 INFO    Updating status of super survey 1
2023-06-02 16:59:46,573 INFO    Selecting routes from sublocality
2023-06-02 16:59:46,642 INFO    Updating status of super survey 1
2023-06-02 16:59:46,643 INFO    Updating status of super survey 0
2023-06-02 16:59:46,644 ERROR   Failed to update status of super survey 0
2023-06-02 16:59:46,644 INFO    Updating status of super survey 0
2023-06-02 16:59:46,646 ERROR   Failed to update status of super survey 0
