2023-06-02 16:51:31,255 INFO    ====== WebDriver manager ======
2023-06-02 16:51:34,196 INFO    Get LATEST chromedriver version for google-chrome 113.0.5672
2023-06-02 16:51:34,913 INFO    Driver [C:\Users\Usuario\.wdm\drivers\chromedriver\win32\113.0.5672\chromedriver.exe] found in cache
2023-06-02 16:51:52,276 INFO    ====== WebDriver manager ======
2023-06-02 16:51:53,174 INFO    Get LATEST chromedriver version for google-chrome 113.0.5672
2023-06-02 16:51:54,084 INFO    Driver [C:\Users\Usuario\.wdm\drivers\chromedriver\win32\113.0.5672\chromedriver.exe] found in cache
2023-06-02 16:52:22,069 INFO    Updating status of super survey 0
2023-06-02 16:52:22,070 ERROR   Failed to update status of super survey 0
2023-06-02 16:52:27,169 INFO    Updating status of super survey 0
2023-06-02 16:52:27,171 ERROR   Failed to update status of super survey 0
2023-06-02 16:52:27,172 INFO    Updating status of super survey 1
2023-06-02 16:52:27,182 INFO    Selecting sublocalities from city
2023-06-02 16:52:27,185 INFO    Updating status of super survey 1
2023-06-02 16:52:27,193 INFO    Updating status of super survey 0
2023-06-02 16:52:27,195 ERROR   Failed to update status of super survey 0
2023-06-02 16:52:27,196 INFO    Updating status of super survey 1
2023-06-02 16:52:27,199 INFO    Selecting routes from sublocality
2023-06-02 16:52:27,201 INFO    Updating status of super survey 1
2023-06-02 16:52:27,288 INFO    Updating status of super survey 0
2023-06-02 16:52:27,289 ERROR   Failed to update status of super survey 0
2023-06-02 16:52:27,290 INFO    Updating status of super survey 0
2023-06-02 16:52:27,291 ERROR   Failed to update status of super survey 0
