2023-01-14 11:36:57,009 INFO    ======================================================================
2023-01-14 11:36:57,010 INFO    Survey 71, for Ouro Preto, Minas Gerais
2023-01-14 11:36:57,011 INFO    Searching by bounding box, max_zoom=24
2023-01-14 11:36:57,011 INFO    ----------------------------------------------------------------------
2023-01-14 11:36:57,012 INFO    Rectangle calculated: [-20.2519, -43.4372, -20.5229, -43.7846]
2023-01-14 11:36:57,012 INFO    Searching rectangle: zoom factor = 0, node = []
2023-01-14 11:36:57,462 WARNING HTTP status 403 from web site: IP address blocked. Waiting 0.1 minutes.
2023-01-14 11:37:04,459 INFO    Page 01 returned 18 listings
2023-01-14 11:37:04,847 WARNING HTTP status 403 from web site: IP address blocked. Waiting 0.1 minutes.
2023-01-14 11:37:13,385 INFO    Room 758263738755481654: insert failed
2023-01-14 11:37:13,387 INFO    Room 47939876: insert failed
2023-01-14 11:37:13,389 INFO    Room 43805080: insert failed
2023-01-14 11:37:13,390 INFO    Room 51978370: insert failed
2023-01-14 11:37:13,392 INFO    Room 41502392: insert failed
2023-01-14 11:37:13,394 INFO    Room 40752066: insert failed
2023-01-14 11:37:13,395 INFO    Room 30403033: insert failed
2023-01-14 11:37:13,397 INFO    Room 714323517316563160: insert failed
2023-01-14 11:37:13,398 INFO    Room 736390796820280107: insert failed
2023-01-14 11:37:13,400 INFO    Room 51217390: insert failed
2023-01-14 11:37:13,401 INFO    Room 52024666: insert failed
2023-01-14 11:37:13,402 INFO    Room 54222723: insert failed
2023-01-14 11:37:13,403 INFO    Room 47334727: insert failed
2023-01-14 11:37:13,405 INFO    Room 740983683035077351: insert failed
2023-01-14 11:37:13,407 INFO    Room 794011987542751252: insert failed
2023-01-14 11:37:13,408 INFO    Room 50723507: insert failed
2023-01-14 11:37:13,410 INFO    Room 19969297: insert failed
2023-01-14 11:37:13,412 INFO    Room 50240014: insert failed
2023-01-14 11:37:13,412 INFO    Page 02 returned 18 listings
2023-01-14 11:37:15,027 WARNING HTTP status 403 from web site: IP address blocked. Waiting 0.1 minutes.
2023-01-14 11:37:25,123 INFO    Room 50240014: insert failed
2023-01-14 11:37:25,151 INFO    Page 03 returned 18 listings
2023-01-14 11:37:28,557 WARNING HTTP status 403 from web site: IP address blocked. Waiting 0.1 minutes.
2023-01-14 11:37:37,574 INFO    Room 33718911: insert failed
2023-01-14 11:37:37,579 INFO    Room 52024666: insert failed
2023-01-14 11:37:37,598 INFO    Page 04 returned 18 listings
2023-01-14 11:37:39,116 WARNING HTTP status 403 from web site: IP address blocked. Waiting 0.1 minutes.
2023-01-14 11:37:46,602 INFO    Page 05 returned 18 listings
2023-01-14 11:37:52,590 INFO    Room 50873228: insert failed
2023-01-14 11:37:52,668 INFO    Room 552693309589715109: insert failed
2023-01-14 11:37:52,698 INFO    Page 06 returned 18 listings
2023-01-14 11:37:52,937 WARNING HTTP status 403 from web site: IP address blocked. Waiting 0.1 minutes.
2023-01-14 11:38:02,917 WARNING HTTP status 403 from web site: IP address blocked. Waiting 0.1 minutes.
2023-01-14 11:38:09,721 INFO    Page 07 returned 18 listings
2023-01-14 11:38:17,999 INFO    Page 08 returned 18 listings
2023-01-14 11:38:22,016 WARNING HTTP status 403 from web site: IP address blocked. Waiting 0.1 minutes.
2023-01-14 11:38:30,621 INFO    Page 09 returned 00 listings
2023-01-14 11:38:30,622 INFO    Final page of listings for this search
2023-01-14 11:38:30,622 INFO    Results: 9 pages, 121 new rooms
2023-01-14 11:38:30,624 INFO    Finishing survey 71, for Ouro Preto, Minas Gerais
2023-01-14 11:38:30,629 ERROR   Top level exception handler: quitting.
Traceback (most recent call last):
  File "C:\ufop\airbnb-data-collection\airbnb.py", line 856, in main
    full_survey(ab_config, args.full_survey, False, True)
  File "C:\ufop\airbnb-data-collection\airbnb.py", line 667, in full_survey
    update_routes_geolocation(ab_config, area)
  File "C:\ufop\airbnb-data-collection\airbnb.py", line 261, in update_routes_geolocation
    location = Location(tr(lat), str(lng))
                       ^^
NameError: name 'tr' is not defined
