2023-06-02 16:58:13,436 INFO    ======================================================================
2023-06-02 16:58:13,437 INFO    Survey 345, for Aiuruoca, Minas Gerais
2023-06-02 16:58:13,438 INFO    Searching by bounding box, max_zoom=24
2023-06-02 16:58:13,439 INFO    ----------------------------------------------------------------------
2023-06-02 16:58:13,439 INFO    Rectangle calculated: [-44.529, -21.742, -44.766, -22.163]
2023-06-02 16:58:13,439 INFO    Searching rectangle: zoom factor = 0, node = []
2023-06-02 16:58:14,295 INFO    Page 01 returned 00 listings
2023-06-02 16:58:14,296 INFO    Final page of listings for this search
2023-06-02 16:58:14,297 INFO    Results: 1 pages, 0 new rooms
2023-06-02 16:58:14,299 INFO    Finishing survey 345, for Aiuruoca, Minas Gerais
2023-06-02 16:58:14,301 INFO    Initialing search by overall satisfactions
2023-06-02 16:58:14,303 INFO    0 results
2023-06-02 16:58:14,304 INFO    Updating status of super survey 88
2023-06-02 16:58:14,305 INFO    Updating status of super survey 1
2023-06-02 16:58:14,307 INFO    Selecting sublocalities from city
2023-06-02 16:58:14,366 INFO    Updating status of super survey 1
2023-06-02 16:58:14,367 INFO    Updating status of super survey 88
2023-06-02 16:58:14,368 INFO    Updating status of super survey 1
2023-06-02 16:58:14,370 INFO    Selecting routes from sublocality
2023-06-02 16:58:14,421 INFO    Updating status of super survey 1
2023-06-02 16:58:14,422 INFO    Updating status of super survey 88
2023-06-02 16:58:14,424 INFO    Updating status of super survey 88
2023-06-02 16:58:14,426 INFO    Updating status of super survey 88
2023-06-02 16:58:14,427 INFO    Updating status of super survey 0
2023-06-02 16:58:14,428 ERROR   Failed to update status of super survey 0
2023-06-02 16:58:15,125 INFO    ====== WebDriver manager ======
2023-06-02 16:58:17,539 INFO    Get LATEST chromedriver version for google-chrome 113.0.5672
2023-06-02 16:58:18,228 INFO    Driver [C:\Users\Usuario\.wdm\drivers\chromedriver\win32\113.0.5672\chromedriver.exe] found in cache
2023-06-02 16:58:41,988 INFO    ====== WebDriver manager ======
2023-06-02 16:58:42,476 INFO    Get LATEST chromedriver version for google-chrome 113.0.5672
2023-06-02 16:58:43,167 INFO    Driver [C:\Users\Usuario\.wdm\drivers\chromedriver\win32\113.0.5672\chromedriver.exe] found in cache
2023-06-02 16:59:02,975 INFO    ====== WebDriver manager ======
2023-06-02 16:59:13,205 INFO    Get LATEST chromedriver version for google-chrome 113.0.5672
2023-06-02 16:59:15,061 INFO    Driver [C:\Users\Usuario\.wdm\drivers\chromedriver\win32\113.0.5672\chromedriver.exe] found in cache
2023-06-02 16:59:42,380 INFO    Updating status of super survey 0
2023-06-02 16:59:42,382 ERROR   Failed to update status of super survey 0
2023-06-02 16:59:46,498 INFO    Updating status of super survey 0
2023-06-02 16:59:46,500 ERROR   Failed to update status of super survey 0
2023-06-02 16:59:46,501 INFO    Updating status of super survey 1
2023-06-02 16:59:46,505 INFO    Selecting sublocalities from city
2023-06-02 16:59:46,567 INFO    Updating status of super survey 1
2023-06-02 16:59:46,569 INFO    Updating status of super survey 0
2023-06-02 16:59:46,571 ERROR   Failed to update status of super survey 0
2023-06-02 16:59:46,571 INFO    Updating status of super survey 1
2023-06-02 16:59:46,573 INFO    Selecting routes from sublocality
2023-06-02 16:59:46,642 INFO    Updating status of super survey 1
2023-06-02 16:59:46,643 INFO    Updating status of super survey 0
2023-06-02 16:59:46,644 ERROR   Failed to update status of super survey 0
2023-06-02 16:59:46,644 INFO    Updating status of super survey 0
2023-06-02 16:59:46,646 ERROR   Failed to update status of super survey 0
