2023-01-14 10:30:37,166 ERROR   Invalid bounding box: e_lng must be > w_lng
2023-01-14 10:30:37,167 INFO    ======================================================================
2023-01-14 10:30:37,168 INFO    Survey 16, for Bauxita, Ouro Preto
2023-01-14 10:30:37,169 INFO    Searching by bounding box, max_zoom=24
2023-01-14 10:30:37,170 INFO    ----------------------------------------------------------------------
2023-01-14 10:30:37,171 ERROR   Exception in get_rectangle_from_quadtree_node
Traceback (most recent call last):
  File "C:\ufop\airbnb-data-collection\airbnb_survey.py", line 843, in get_rectangle_from_quadtree_node
    print("0:3", self.bounding_box[0:3])
                 ~~~~~~~~~~~~~~~~~^^^^^
TypeError: 'NoneType' object is not subscriptable
2023-01-14 10:30:37,175 INFO    Searching rectangle: zoom factor = 0, node = []
2023-01-14 10:30:37,175 ERROR   Exception in get_search_page_info_rectangle
Traceback (most recent call last):
  File "C:\ufop\airbnb-data-collection\airbnb_survey.py", line 556, in search_node
    .format(n=rectangle[0], e=rectangle[1],
              ~~~~~~~~~^^^
TypeError: 'NoneType' object is not subscriptable
2023-01-14 10:30:37,178 ERROR   TypeError in recurse_quadtree
Traceback (most recent call last):
  File "C:\ufop\airbnb-data-collection\airbnb_survey.py", line 506, in recurse_quadtree
    (zoomable, median_leaf) = self.search_node(
                              ^^^^^^^^^^^^^^^^^
  File "C:\ufop\airbnb-data-collection\airbnb_survey.py", line 556, in search_node
    .format(n=rectangle[0], e=rectangle[1],
              ~~~~~~~~~^^^
TypeError: 'NoneType' object is not subscriptable
2023-01-14 10:30:37,180 ERROR   ("'NoneType' object is not subscriptable",)
2023-01-14 10:30:37,181 ERROR   Error
Traceback (most recent call last):
  File "C:\ufop\airbnb-data-collection\airbnb_survey.py", line 445, in search
    self.recurse_quadtree(quadtree_node, median_node, None, flag)
  File "C:\ufop\airbnb-data-collection\airbnb_survey.py", line 506, in recurse_quadtree
    (zoomable, median_leaf) = self.search_node(
                              ^^^^^^^^^^^^^^^^^
  File "C:\ufop\airbnb-data-collection\airbnb_survey.py", line 556, in search_node
    .format(n=rectangle[0], e=rectangle[1],
              ~~~~~~~~~^^^
TypeError: 'NoneType' object is not subscriptable
2023-01-14 10:30:37,185 INFO    Pronto! Pesquisa finalizada!
