2023-01-14 11:24:16,658 INFO    ======================================================================
2023-01-14 11:24:16,659 INFO    Survey 60, for Ouro Preto, Minas Gerais
2023-01-14 11:24:16,660 INFO    Searching by bounding box, max_zoom=24
2023-01-14 11:24:16,661 INFO    ----------------------------------------------------------------------
2023-01-14 11:24:16,661 INFO    Rectangle calculated: [-20.2519, -43.4372, -20.5229, -43.7846]
2023-01-14 11:24:16,662 INFO    Searching rectangle: zoom factor = 0, node = []
2023-01-14 11:24:17,484 WARNING HTTP status 403 from web site: IP address blocked. Waiting 0.1 minutes.
2023-01-14 11:24:24,979 INFO    Page 01 returned 18 listings
2023-01-14 11:24:25,770 INFO    Room 51217390: insert failed
2023-01-14 11:24:25,778 INFO    Room 52024666: insert failed
2023-01-14 11:24:25,785 INFO    Room 47939876: insert failed
2023-01-14 11:24:25,791 INFO    Room 51978370: insert failed
2023-01-14 11:24:25,797 INFO    Room 40752066: insert failed
2023-01-14 11:24:25,801 INFO    Room 30403033: insert failed
2023-01-14 11:24:25,804 INFO    Room 41502392: insert failed
2023-01-14 11:24:25,808 INFO    Room 47334727: insert failed
2023-01-14 11:24:25,823 INFO    Room 758263738755481654: insert failed
2023-01-14 11:24:25,828 INFO    Room 50723507: insert failed
2023-01-14 11:24:25,833 INFO    Room 54222723: insert failed
2023-01-14 11:24:25,837 INFO    Room 714323517316563160: insert failed
2023-01-14 11:24:25,841 INFO    Room 794011987542751252: insert failed
2023-01-14 11:24:25,847 INFO    Room 740983683035077351: insert failed
2023-01-14 11:24:25,851 INFO    Room 19969297: insert failed
2023-01-14 11:24:25,860 INFO    Room 736390796820280107: insert failed
2023-01-14 11:24:25,861 INFO    Page 02 returned 18 listings
2023-01-14 11:24:27,221 INFO    Room 42270186: insert failed
2023-01-14 11:24:27,248 INFO    Room 50240014: insert failed
2023-01-14 11:24:27,292 INFO    Page 03 returned 18 listings
2023-01-14 11:24:28,116 INFO    Page 04 returned 18 listings
2023-01-14 11:24:28,762 WARNING HTTP status 403 from web site: IP address blocked. Waiting 0.1 minutes.
2023-01-14 11:24:37,587 INFO    Page 05 returned 18 listings
2023-01-14 11:24:39,572 WARNING HTTP status 403 from web site: IP address blocked. Waiting 0.1 minutes.
2023-01-14 11:24:50,411 INFO    Page 06 returned 18 listings
2023-01-14 11:24:55,854 INFO    Page 07 returned 18 listings
2023-01-14 11:24:59,533 INFO    Page 08 returned 18 listings
2023-01-14 11:25:02,097 INFO    Page 09 returned 18 listings
2023-01-14 11:25:05,751 INFO    Page 10 returned 18 listings
2023-01-14 11:25:09,468 INFO    Page 11 returned 18 listings
2023-01-14 11:25:12,370 INFO    Page 12 returned 18 listings
2023-01-14 11:25:15,086 INFO    Page 13 returned 18 listings
2023-01-14 11:25:19,093 INFO    Page 14 returned 18 listings
2023-01-14 11:25:21,477 INFO    Page 15 returned 18 listings
2023-01-14 11:25:24,240 INFO    Page 16 returned 18 listings
2023-01-14 11:25:26,862 WARNING HTTP status 403 from web site: IP address blocked. Waiting 0.1 minutes.
