2023-06-02 19:17:18,086 INFO    ======================================================================
2023-06-02 19:17:18,087 INFO    Survey 368, for Tiradentes, Minas Gerais
2023-06-02 19:17:18,089 INFO    Searching by bounding box, max_zoom=24
2023-06-02 19:17:18,090 INFO    ----------------------------------------------------------------------
2023-06-02 19:17:18,091 INFO    Rectangle calculated: [-44.092, -21.0524427, -44.22432, -21.1790624]
2023-06-02 19:17:18,091 INFO    Searching rectangle: zoom factor = 0, node = []
2023-06-02 19:17:19,674 WARNING HTTP status 403 from web site: IP address blocked. Waiting 0.1 minutes.
2023-06-02 19:17:28,477 WARNING HTTP status 403 from web site: IP address blocked. Waiting 0.1 minutes.
2023-06-02 19:17:35,089 INFO    Page 01 returned 00 listings
2023-06-02 19:17:35,090 INFO    Final page of listings for this search
2023-06-02 19:17:35,090 INFO    Results: 1 pages, 0 new rooms
2023-06-02 19:17:35,092 INFO    Finishing survey 368, for Tiradentes, Minas Gerais
2023-06-02 19:17:35,095 INFO    Initialing search by overall satisfactions
2023-06-02 19:17:35,096 INFO    0 results
2023-06-02 19:17:35,097 INFO    Updating status of super survey None to 73
2023-06-02 19:17:35,098 ERROR   Failed to update status of super survey None to 73
2023-06-02 19:17:35,098 INFO    Updating status of super survey None to 51
2023-06-02 19:17:35,099 ERROR   Failed to update status of super survey None to 51
2023-06-02 19:17:35,100 INFO    Selecting routes from sublocality
2023-06-02 19:17:35,101 INFO    Updating status of super survey None to 83
2023-06-02 19:17:35,102 ERROR   Failed to update status of super survey None to 83
2023-06-02 19:17:35,102 INFO    Updating status of super survey None to 75
2023-06-02 19:17:35,103 ERROR   Failed to update status of super survey None to 75
2023-06-02 19:17:35,104 INFO    Updating status of super survey None to 6
2023-06-02 19:17:35,105 ERROR   Failed to update status of super survey None to 6
2023-06-02 19:17:35,105 INFO    Updating status of super survey None to 7
2023-06-02 19:17:35,106 ERROR   Failed to update status of super survey None to 7
2023-06-02 19:17:35,107 INFO    Updating status of super survey None to 711
2023-06-02 19:17:35,108 ERROR   Failed to update status of super survey None to 711
2023-06-02 19:17:35,922 INFO    ====== WebDriver manager ======
2023-06-02 19:17:36,814 INFO    Get LATEST chromedriver version for google-chrome 113.0.5672
2023-06-02 19:17:37,527 INFO    Driver [C:\Users\Usuario\.wdm\drivers\chromedriver\win32\113.0.5672\chromedriver.exe] found in cache
2023-06-02 19:17:51,015 INFO    ====== WebDriver manager ======
2023-06-02 19:17:52,068 INFO    Get LATEST chromedriver version for google-chrome 113.0.5672
2023-06-02 19:17:52,674 INFO    Driver [C:\Users\Usuario\.wdm\drivers\chromedriver\win32\113.0.5672\chromedriver.exe] found in cache
2023-06-02 19:18:07,056 INFO    Updating status of super survey None to -711
2023-06-02 19:18:07,061 ERROR   Failed to update status of super survey None to -711
2023-06-02 19:18:12,096 INFO    Updating status of super survey None to 73
2023-06-02 19:18:12,098 ERROR   Failed to update status of super survey None to 73
2023-06-02 19:18:12,098 INFO    Updating status of super survey None to 751
2023-06-02 19:18:12,099 ERROR   Failed to update status of super survey None to 751
2023-06-02 19:18:12,100 INFO    Selecting routes from sublocality
2023-06-02 19:18:12,102 INFO    Updating status of super survey None to 783
2023-06-02 19:18:12,103 ERROR   Failed to update status of super survey None to 783
2023-06-02 19:18:12,103 INFO    Updating status of super survey None to 75
2023-06-02 19:18:12,104 ERROR   Failed to update status of super survey None to 75
2023-06-02 19:18:12,235 INFO    Updating status of super survey None to 200
2023-06-02 19:18:12,237 ERROR   Failed to update status of super survey None to 200
