2023-06-02 16:51:29,285 INFO    ======================================================================
2023-06-02 16:51:29,286 INFO    Survey 339, for Aiuruoca, Minas Gerais
2023-06-02 16:51:29,287 INFO    Searching by bounding box, max_zoom=24
2023-06-02 16:51:29,288 INFO    ----------------------------------------------------------------------
2023-06-02 16:51:29,289 INFO    Rectangle calculated: [-44.529, -21.742, -44.766, -22.163]
2023-06-02 16:51:29,289 INFO    Searching rectangle: zoom factor = 0, node = []
2023-06-02 16:51:30,280 INFO    Page 01 returned 00 listings
2023-06-02 16:51:30,281 INFO    Final page of listings for this search
2023-06-02 16:51:30,287 INFO    Results: 1 pages, 0 new rooms
2023-06-02 16:51:30,295 INFO    Finishing survey 339, for Aiuruoca, Minas Gerais
2023-06-02 16:51:30,310 INFO    Initialing search by overall satisfactions
2023-06-02 16:51:30,314 INFO    0 results
2023-06-02 16:51:30,315 INFO    Updating status of super survey 88
2023-06-02 16:51:30,334 INFO    Updating status of super survey 1
2023-06-02 16:51:30,368 INFO    Selecting sublocalities from city
2023-06-02 16:51:30,415 INFO    Updating status of super survey 1
2023-06-02 16:51:30,440 INFO    Updating status of super survey 88
2023-06-02 16:51:30,564 INFO    Updating status of super survey 1
2023-06-02 16:51:30,583 INFO    Selecting routes from sublocality
2023-06-02 16:51:30,588 INFO    Updating status of super survey 1
2023-06-02 16:51:30,601 INFO    Updating status of super survey 88
2023-06-02 16:51:30,605 INFO    Updating status of super survey 88
2023-06-02 16:51:30,607 INFO    Updating status of super survey 88
2023-06-02 16:51:30,628 INFO    Updating status of super survey 0
2023-06-02 16:51:30,629 ERROR   Failed to update status of super survey 0
2023-06-02 16:51:31,255 INFO    ====== WebDriver manager ======
2023-06-02 16:51:34,196 INFO    Get LATEST chromedriver version for google-chrome 113.0.5672
2023-06-02 16:51:34,913 INFO    Driver [C:\Users\Usuario\.wdm\drivers\chromedriver\win32\113.0.5672\chromedriver.exe] found in cache
2023-06-02 16:51:52,276 INFO    ====== WebDriver manager ======
2023-06-02 16:51:53,174 INFO    Get LATEST chromedriver version for google-chrome 113.0.5672
2023-06-02 16:51:54,084 INFO    Driver [C:\Users\Usuario\.wdm\drivers\chromedriver\win32\113.0.5672\chromedriver.exe] found in cache
2023-06-02 16:52:22,069 INFO    Updating status of super survey 0
2023-06-02 16:52:22,070 ERROR   Failed to update status of super survey 0
2023-06-02 16:52:27,169 INFO    Updating status of super survey 0
2023-06-02 16:52:27,171 ERROR   Failed to update status of super survey 0
2023-06-02 16:52:27,172 INFO    Updating status of super survey 1
2023-06-02 16:52:27,182 INFO    Selecting sublocalities from city
2023-06-02 16:52:27,185 INFO    Updating status of super survey 1
2023-06-02 16:52:27,193 INFO    Updating status of super survey 0
2023-06-02 16:52:27,195 ERROR   Failed to update status of super survey 0
2023-06-02 16:52:27,196 INFO    Updating status of super survey 1
2023-06-02 16:52:27,199 INFO    Selecting routes from sublocality
2023-06-02 16:52:27,201 INFO    Updating status of super survey 1
2023-06-02 16:52:27,288 INFO    Updating status of super survey 0
2023-06-02 16:52:27,289 ERROR   Failed to update status of super survey 0
2023-06-02 16:52:27,290 INFO    Updating status of super survey 0
2023-06-02 16:52:27,291 ERROR   Failed to update status of super survey 0
