2023-05-13 00:59:43,709 INFO    ======================================================================
2023-05-13 00:59:43,709 INFO    Survey 333, for Ouro Preto, Minas Gerais
2023-05-13 00:59:43,710 INFO    Searching by bounding box, max_zoom=24
2023-05-13 00:59:43,710 INFO    ----------------------------------------------------------------------
2023-05-13 00:59:43,710 INFO    Rectangle calculated: [-20.2519, -43.4372, -20.5229, -43.7846]
2023-05-13 00:59:43,711 INFO    Searching rectangle: zoom factor = 0, node = []
2023-05-13 00:59:57,162 INFO    Page 01 returned 18 listings
2023-05-13 01:00:10,677 INFO    Page 02 returned 18 listings
2023-05-13 01:00:19,250 INFO    127.0.0.1 - - [13/May/2023 01:00:19] "OPTIONS /super_survey/getall HTTP/1.1" 200 -
2023-05-13 01:00:19,559 INFO    127.0.0.1 - - [13/May/2023 01:00:19] "OPTIONS /super_survey/getall HTTP/1.1" 200 -
2023-05-13 01:00:19,561 INFO    Initializing export Airbnb'b rooms for 1
2023-05-13 01:00:19,572 INFO    127.0.0.1 - - [13/May/2023 01:00:19] "POST /super_survey/getall HTTP/1.1" 200 -
2023-05-13 01:00:19,883 INFO    Initializing export Airbnb'b rooms for 1
2023-05-13 01:00:19,895 INFO    127.0.0.1 - - [13/May/2023 01:00:19] "POST /super_survey/getall HTTP/1.1" 200 -
2023-05-13 01:00:23,756 INFO    Page 03 returned 18 listings
2023-05-13 01:00:36,752 INFO    Page 04 returned 18 listings
2023-05-13 01:00:49,441 INFO    Page 05 returned 18 listings
2023-05-13 01:01:05,579 WARNING Retrying (Retry(total=1, connect=None, read=None, redirect=None, status=None)) after connection broken by 'ReadTimeoutError("HTTPSConnectionPool(host='nominatim.openstreetmap.org', port=443): Read timed out. (read timeout=1)")': /reverse?lat=-20.38081&lon=-43.5185&format=json&accept-language=es&addressdetails=1
2023-05-13 01:01:09,331 WARNING Retrying (Retry(total=1, connect=None, read=None, redirect=None, status=None)) after connection broken by 'ReadTimeoutError("HTTPSConnectionPool(host='nominatim.openstreetmap.org', port=443): Read timed out. (read timeout=1)")': /reverse?lat=-20.37933&lon=-43.51806&format=json&accept-language=es&addressdetails=1
2023-05-13 01:01:11,976 INFO    Page 06 returned 18 listings
2023-05-13 01:01:28,751 INFO    Page 07 returned 18 listings
2023-05-13 01:01:30,049 WARNING HTTP status 403 from web site: IP address blocked. Waiting 0.1 minutes.
2023-05-13 01:01:39,833 WARNING Retrying (Retry(total=1, connect=None, read=None, redirect=None, status=None)) after connection broken by 'ReadTimeoutError("HTTPSConnectionPool(host='nominatim.openstreetmap.org', port=443): Read timed out. (read timeout=1)")': /reverse?lat=-20.37929&lon=-43.5208&format=json&accept-language=es&addressdetails=1
2023-05-13 01:01:48,932 WARNING Retrying (Retry(total=1, connect=None, read=None, redirect=None, status=None)) after connection broken by 'ReadTimeoutError("HTTPSConnectionPool(host='nominatim.openstreetmap.org', port=443): Read timed out. (read timeout=1)")': /reverse?lat=-20.38598&lon=-43.50888&format=json&accept-language=es&addressdetails=1
2023-05-13 01:01:55,143 WARNING Retrying (Retry(total=1, connect=None, read=None, redirect=None, status=None)) after connection broken by 'ReadTimeoutError("HTTPSConnectionPool(host='nominatim.openstreetmap.org', port=443): Read timed out. (read timeout=1)")': /reverse?lat=-20.38473&lon=-43.50439&format=json&accept-language=es&addressdetails=1
2023-05-13 01:02:01,928 INFO    Page 08 returned 18 listings
2023-05-13 01:02:15,368 INFO    Page 09 returned 18 listings
2023-05-13 01:02:16,472 WARNING HTTP status 403 from web site: IP address blocked. Waiting 0.1 minutes.
2023-05-13 01:02:35,708 INFO    Page 10 returned 18 listings
2023-05-13 01:02:51,124 INFO    Page 11 returned 18 listings
2023-05-13 01:03:01,376 INFO    127.0.0.1 - - [13/May/2023 01:03:01] "OPTIONS /super_survey/getall HTTP/1.1" 200 -
2023-05-13 01:03:01,689 INFO    Initializing export Airbnb'b rooms for 1
2023-05-13 01:03:01,700 INFO    127.0.0.1 - - [13/May/2023 01:03:01] "POST /super_survey/getall HTTP/1.1" 200 -
2023-05-13 01:03:03,487 INFO    Initializing export Airbnb'b rooms for 1
2023-05-13 01:03:03,493 INFO    127.0.0.1 - - [13/May/2023 01:03:03] "POST /super_survey/getall HTTP/1.1" 200 -
2023-05-13 01:03:05,247 INFO    Page 12 returned 18 listings
2023-05-13 01:03:07,241 WARNING HTTP status 403 from web site: IP address blocked. Waiting 0.1 minutes.
2023-05-13 01:03:08,955 INFO    127.0.0.1 - - [13/May/2023 01:03:08] "OPTIONS /super_survey/getall HTTP/1.1" 200 -
2023-05-13 01:03:09,263 INFO    Initializing export Airbnb'b rooms for 1
2023-05-13 01:03:09,266 INFO    127.0.0.1 - - [13/May/2023 01:03:09] "POST /super_survey/getall HTTP/1.1" 200 -
2023-05-13 01:03:28,555 INFO    127.0.0.1 - - [13/May/2023 01:03:28] "OPTIONS /super_survey/getall HTTP/1.1" 200 -
2023-05-13 01:03:28,865 INFO    Initializing export Airbnb'b rooms for 1
2023-05-13 01:03:28,868 INFO    127.0.0.1 - - [13/May/2023 01:03:28] "POST /super_survey/getall HTTP/1.1" 200 -
2023-05-13 01:03:29,201 INFO    Page 13 returned 18 listings
2023-05-13 01:03:31,010 WARNING HTTP status 403 from web site: IP address blocked. Waiting 0.1 minutes.
2023-05-13 01:03:51,336 INFO    Page 14 returned 18 listings
2023-05-13 01:03:51,738 WARNING HTTP status 403 from web site: IP address blocked. Waiting 0.1 minutes.
2023-05-13 01:04:15,172 INFO    Page 15 returned 18 listings
2023-05-13 01:04:15,343 WARNING HTTP status 403 from web site: IP address blocked. Waiting 0.1 minutes.
2023-05-13 01:04:26,944 WARNING HTTP status 403 from web site: IP address blocked. Waiting 0.1 minutes.
2023-05-13 01:04:48,241 INFO    Page 16 returned 18 listings
2023-05-13 01:05:08,238 INFO    Page 17 returned 18 listings
2023-05-13 01:05:11,604 WARNING HTTP status 403 from web site: IP address blocked. Waiting 0.1 minutes.
2023-05-13 01:05:20,624 WARNING HTTP status 403 from web site: IP address blocked. Waiting 0.1 minutes.
2023-05-13 01:05:48,003 INFO    Page 18 returned 18 listings
2023-05-13 01:06:02,015 INFO    Page 19 returned 18 listings
2023-05-13 01:06:20,322 INFO    Page 20 returned 18 listings
2023-05-13 01:06:38,368 INFO    Page 21 returned 18 listings
2023-05-13 01:06:52,594 INFO    Page 22 returned 18 listings
2023-05-13 01:07:16,406 INFO    Page 23 returned 18 listings
2023-05-13 01:07:27,951 INFO    127.0.0.1 - - [13/May/2023 01:07:27] "OPTIONS /super_survey/getall HTTP/1.1" 200 -
2023-05-13 01:07:28,275 INFO    Initializing export Airbnb'b rooms for 1
2023-05-13 01:07:28,279 INFO    127.0.0.1 - - [13/May/2023 01:07:28] "POST /super_survey/getall HTTP/1.1" 200 -
2023-05-13 01:07:36,141 INFO    Page 24 returned 18 listings
2023-05-13 01:07:59,008 INFO    Page 25 returned 18 listings
2023-05-13 01:08:19,519 INFO    Page 26 returned 18 listings
2023-05-13 01:08:24,305 WARNING HTTP status 403 from web site: IP address blocked. Waiting 0.1 minutes.
2023-05-13 01:08:30,656 WARNING HTTP status 403 from web site: IP address blocked. Waiting 0.1 minutes.
2023-05-13 01:08:40,518 WARNING HTTP status 403 from web site: IP address blocked. Waiting 0.1 minutes.
2023-05-13 01:08:49,005 WARNING HTTP status 403 from web site: IP address blocked. Waiting 0.1 minutes.
2023-05-13 01:09:06,215 WARNING HTTP status 403 from web site: IP address blocked. Waiting 0.1 minutes.
2023-05-13 01:09:33,636 INFO    Page 27 returned 18 listings
2023-05-13 01:09:59,793 INFO    Page 28 returned 18 listings
2023-05-13 01:10:09,350 WARNING HTTP status 403 from web site: IP address blocked. Waiting 0.1 minutes.
2023-05-13 01:10:40,021 INFO    Page 29 returned 18 listings
2023-05-13 01:11:00,899 INFO    Page 30 returned 18 listings
2023-05-13 01:11:25,872 INFO    Page 31 returned 18 listings
2023-05-13 01:11:28,054 WARNING HTTP status 403 from web site: IP address blocked. Waiting 0.1 minutes.
2023-05-13 01:11:47,981 INFO    Page 32 returned 18 listings
2023-05-13 01:11:57,908 WARNING HTTP status 403 from web site: IP address blocked. Waiting 0.1 minutes.
2023-05-13 01:12:21,962 INFO    Page 33 returned 18 listings
2023-05-13 01:12:29,832 INFO     * Detected change in 'C:\\ufop\\airbnbandbookingscrap\\search.py', reloading
