2023-07-22 13:27:13,942 INFO    ====== WebDriver manager ======
2023-07-22 13:28:35,205 INFO    Get LATEST chromedriver version for google-chrome 114.0.5735
2023-07-22 13:28:39,028 INFO    There is no [win32] chromedriver for browser 114.0.5735 in cache
2023-07-22 13:28:39,031 INFO    About to download new driver from https://chromedriver.storage.googleapis.com/114.0.5735.90/chromedriver_win32.zip
2023-07-22 13:28:55,187 INFO    Driver has been saved in cache [C:\Users\Usuario\.wdm\drivers\chromedriver\win32\114.0.5735]
2023-07-22 13:32:48,878 INFO    ====== WebDriver manager ======
2023-07-22 13:33:04,351 INFO    Get LATEST chromedriver version for google-chrome 114.0.5735
2023-07-22 13:33:11,380 INFO    Driver [C:\Users\Usuario\.wdm\drivers\chromedriver\win32\114.0.5735\chromedriver.exe] found in cache
2023-07-22 13:34:37,380 INFO    Updating status of super survey 107 to -711
2023-07-22 13:34:44,770 INFO    Updating status of super survey 107 to 73
2023-07-22 13:34:44,826 INFO    Updating status of super survey 107 to 751
2023-07-22 13:34:44,940 INFO    Selecting routes from sublocality
2023-07-22 13:34:45,192 ERROR   Failed to search from sublocalities
2023-07-22 13:34:45,292 INFO    Updating status of super survey 107 to -781
2023-07-22 13:34:45,293 ERROR   Failed to update status of super survey 107 to -781
2023-07-22 13:34:45,294 INFO    Updating status of super survey 107 to 75
2023-07-22 13:34:45,295 ERROR   Failed to update status of super survey 107 to 75
2023-07-22 13:34:45,295 INFO    Updating status of super survey 107 to 200
2023-07-22 13:34:45,297 ERROR   Failed to update status of super survey 107 to 200
2023-07-22 16:33:40,393 INFO     * Detected change in 'C:\\mono\\mono\\backend\\search.py', reloading
