2023-01-14 11:18:57,494 INFO    ======================================================================
2023-01-14 11:18:57,495 INFO    Survey 52, for Ouro Preto, Minas Gerais
2023-01-14 11:18:57,496 INFO    Searching by bounding box, max_zoom=24
2023-01-14 11:18:57,496 INFO    ----------------------------------------------------------------------
2023-01-14 11:18:57,497 INFO    Rectangle calculated: [-20.2519, -43.4372, -20.5229, -43.7846]
2023-01-14 11:18:57,497 INFO    Searching rectangle: zoom factor = 0, node = []
2023-01-14 11:18:58,047 WARNING HTTP status 403 from web site: IP address blocked. Waiting 0.1 minutes.
2023-01-14 11:19:05,391 WARNING HTTP status 403 from web site: IP address blocked. Waiting 0.1 minutes.
2023-01-14 11:19:13,222 WARNING HTTP status 403 from web site: IP address blocked. Waiting 0.1 minutes.
2023-01-14 11:19:21,526 INFO    Page 01 returned 18 listings
2023-01-14 11:19:24,013 INFO    Room 51217390: insert failed
2023-01-14 11:19:24,018 INFO    Room 52024666: insert failed
2023-01-14 11:19:24,024 INFO    Room 47939876: insert failed
2023-01-14 11:19:24,031 INFO    Room 51978370: insert failed
2023-01-14 11:19:24,037 INFO    Room 40752066: insert failed
2023-01-14 11:19:24,043 INFO    Room 30403033: insert failed
2023-01-14 11:19:24,049 INFO    Room 41502392: insert failed
2023-01-14 11:19:24,055 INFO    Room 47334727: insert failed
2023-01-14 11:19:24,073 INFO    Room 50723507: insert failed
2023-01-14 11:19:24,079 INFO    Room 54222723: insert failed
2023-01-14 11:19:24,086 INFO    Room 714323517316563160: insert failed
2023-01-14 11:19:24,090 INFO    Room 794011987542751252: insert failed
2023-01-14 11:19:24,095 INFO    Room 740983683035077351: insert failed
2023-01-14 11:19:24,101 INFO    Room 19969297: insert failed
2023-01-14 11:19:24,113 INFO    Room 736390796820280107: insert failed
2023-01-14 11:19:24,113 INFO    Page 02 returned 18 listings
2023-01-14 11:19:28,723 WARNING HTTP status 403 from web site: IP address blocked. Waiting 0.1 minutes.
2023-01-14 11:19:38,155 WARNING HTTP status 403 from web site: IP address blocked. Waiting 0.1 minutes.
2023-01-14 11:19:46,205 INFO    Page 03 returned 00 listings
2023-01-14 11:19:46,206 INFO    Final page of listings for this search
2023-01-14 11:19:46,206 INFO    Results: 3 pages, 21 new rooms
2023-01-14 11:19:46,208 INFO    Finishing survey 52, for Ouro Preto, Minas Gerais
2023-01-14 11:19:46,210 ERROR   Top level exception handler: quitting.
Traceback (most recent call last):
  File "C:\ufop\airbnb-data-collection\airbnb.py", line 842, in main
    full_survey(ab_config, args.full_survey, False, True)
  File "C:\ufop\airbnb-data-collection\airbnb.py", line 653, in full_survey
    update_routes_geolocation(ab_config, args.update_routes)
                                         ^^^^
NameError: name 'args' is not defined
