2023-01-14 11:39:29,320 INFO    ======================================================================
2023-01-14 11:39:29,321 INFO    Survey 73, for Ouro Preto, Minas Gerais
2023-01-14 11:39:29,322 INFO    Searching by bounding box, max_zoom=24
2023-01-14 11:39:29,322 INFO    ----------------------------------------------------------------------
2023-01-14 11:39:29,322 INFO    Rectangle calculated: [-20.2519, -43.4372, -20.5229, -43.7846]
2023-01-14 11:39:29,323 INFO    Searching rectangle: zoom factor = 0, node = []
2023-01-14 11:39:30,424 INFO    Page 01 returned 18 listings
2023-01-14 11:39:31,347 INFO    Room 50723507: insert failed
2023-01-14 11:39:31,349 INFO    Room 51978370: insert failed
2023-01-14 11:39:31,353 INFO    Room 40752066: insert failed
2023-01-14 11:39:31,354 INFO    Room 41502392: insert failed
2023-01-14 11:39:31,358 INFO    Room 714323517316563160: insert failed
2023-01-14 11:39:31,360 INFO    Room 794011987542751252: insert failed
2023-01-14 11:39:31,363 INFO    Room 740983683035077351: insert failed
2023-01-14 11:39:31,364 INFO    Room 736390796820280107: insert failed
2023-01-14 11:39:31,367 INFO    Room 762279793881682516: insert failed
2023-01-14 11:39:31,367 INFO    Page 02 returned 12 listings
2023-01-14 11:39:31,367 INFO    Final page of listings for this search
2023-01-14 11:39:31,368 INFO    Results: 2 pages, 21 new rooms
2023-01-14 11:39:31,377 INFO    Finishing survey 73, for Ouro Preto, Minas Gerais
