2023-06-02 19:09:13,415 INFO    ======================================================================
2023-06-02 19:09:13,416 INFO    Survey 364, for Ouro Preto, Minas Gerais
2023-06-02 19:09:13,417 INFO    Searching by bounding box, max_zoom=24
2023-06-02 19:09:13,417 INFO    ----------------------------------------------------------------------
2023-06-02 19:09:13,417 INFO    Rectangle calculated: [-20.2519, -43.4372, -20.5229, -43.7846]
2023-06-02 19:09:13,418 INFO    Searching rectangle: zoom factor = 0, node = []
2023-06-02 19:09:15,534 WARNING HTTP status 403 from web site: IP address blocked. Waiting 0.1 minutes.
2023-06-02 19:09:35,360 WARNING Retrying (Retry(total=1, connect=None, read=None, redirect=None, status=None)) after connection broken by 'ConnectTimeoutError(<urllib3.connection.HTTPSConnection object at 0x0000022E8EFA10D0>, 'Connection to nominatim.openstreetmap.org timed out. (connect timeout=1)')': /reverse?lat=-20.38694&lon=-43.50525&format=json&accept-language=es&addressdetails=1
2023-06-02 19:09:37,382 WARNING Retrying (Retry(total=0, connect=None, read=None, redirect=None, status=None)) after connection broken by 'ConnectTimeoutError(<urllib3.connection.HTTPSConnection object at 0x0000022E8EFA2F90>, 'Connection to nominatim.openstreetmap.org timed out. (connect timeout=1)')': /reverse?lat=-20.38694&lon=-43.50525&format=json&accept-language=es&addressdetails=1
2023-06-02 19:09:48,727 INFO    Page 01 returned 18 listings
2023-06-02 19:09:51,397 WARNING HTTP status 403 from web site: IP address blocked. Waiting 0.1 minutes.
2023-06-02 19:10:12,384 INFO    Page 02 returned 18 listings
2023-06-02 19:10:34,774 INFO    Page 03 returned 26 listings
2023-06-02 19:10:56,427 INFO    Page 04 returned 24 listings
2023-06-02 19:11:12,766 INFO    Page 05 returned 18 listings
2023-06-02 19:11:17,461 WARNING HTTP status 403 from web site: IP address blocked. Waiting 0.1 minutes.
2023-06-02 19:11:25,497 WARNING HTTP status 403 from web site: IP address blocked. Waiting 0.1 minutes.
2023-06-02 19:11:46,669 INFO    Page 06 returned 18 listings
2023-06-02 19:11:49,720 WARNING HTTP status 403 from web site: IP address blocked. Waiting 0.1 minutes.
2023-06-02 19:11:58,249 WARNING HTTP status 403 from web site: IP address blocked. Waiting 0.1 minutes.
2023-06-02 19:12:10,423 INFO     * Detected change in 'C:\\mono\\mono\\backend\\thread.py', reloading
