2023-06-02 16:53:59,682 INFO    ======================================================================
2023-06-02 16:53:59,682 INFO    Survey 343, for Aiuruoca, Minas Gerais
2023-06-02 16:53:59,684 INFO    Searching by bounding box, max_zoom=24
2023-06-02 16:53:59,684 INFO    ----------------------------------------------------------------------
2023-06-02 16:53:59,685 INFO    Rectangle calculated: [-44.529, -21.742, -44.766, -22.163]
2023-06-02 16:53:59,685 INFO    Searching rectangle: zoom factor = 0, node = []
2023-06-02 16:54:00,393 INFO    Page 01 returned 00 listings
2023-06-02 16:54:00,394 INFO    Final page of listings for this search
2023-06-02 16:54:00,403 INFO    Results: 1 pages, 0 new rooms
2023-06-02 16:54:00,412 INFO    Finishing survey 343, for Aiuruoca, Minas Gerais
2023-06-02 16:54:00,417 INFO    Initialing search by overall satisfactions
2023-06-02 16:54:00,422 INFO    0 results
2023-06-02 16:54:00,422 INFO    Updating status of super survey 88
2023-06-02 16:54:00,424 INFO    Updating status of super survey 1
2023-06-02 16:54:00,434 INFO    Selecting sublocalities from city
2023-06-02 16:54:00,435 INFO    Updating status of super survey 1
2023-06-02 16:54:00,437 INFO    Updating status of super survey 88
2023-06-02 16:54:00,466 INFO    Updating status of super survey 1
2023-06-02 16:54:00,480 INFO    Selecting routes from sublocality
2023-06-02 16:54:00,481 INFO    Updating status of super survey 1
2023-06-02 16:54:00,489 INFO    Updating status of super survey 88
2023-06-02 16:54:00,502 INFO    Updating status of super survey 88
2023-06-02 16:54:00,504 INFO    Updating status of super survey 88
2023-06-02 16:54:00,505 INFO    Updating status of super survey 0
2023-06-02 16:54:00,506 ERROR   Failed to update status of super survey 0
2023-06-02 16:54:01,156 INFO    ====== WebDriver manager ======
2023-06-02 16:54:01,767 INFO    Get LATEST chromedriver version for google-chrome 113.0.5672
2023-06-02 16:54:02,355 INFO    Driver [C:\Users\Usuario\.wdm\drivers\chromedriver\win32\113.0.5672\chromedriver.exe] found in cache
2023-06-02 16:54:24,225 INFO    ====== WebDriver manager ======
2023-06-02 16:54:24,682 INFO    Get LATEST chromedriver version for google-chrome 113.0.5672
2023-06-02 16:54:25,463 INFO    Driver [C:\Users\Usuario\.wdm\drivers\chromedriver\win32\113.0.5672\chromedriver.exe] found in cache
2023-06-02 16:54:45,060 INFO    Updating status of super survey 0
2023-06-02 16:54:45,138 ERROR   Failed to update status of super survey 0
2023-06-02 16:54:50,545 INFO    Updating status of super survey 0
2023-06-02 16:54:50,547 ERROR   Failed to update status of super survey 0
2023-06-02 16:54:50,550 INFO    Updating status of super survey 1
2023-06-02 16:54:50,554 INFO    Selecting sublocalities from city
2023-06-02 16:54:50,557 INFO    Updating status of super survey 1
2023-06-02 16:54:50,560 INFO    Updating status of super survey 0
2023-06-02 16:54:50,563 ERROR   Failed to update status of super survey 0
2023-06-02 16:54:50,565 INFO    Updating status of super survey 1
2023-06-02 16:54:50,577 INFO    Selecting routes from sublocality
2023-06-02 16:54:50,579 INFO    Updating status of super survey 1
2023-06-02 16:54:50,581 INFO    Updating status of super survey 0
2023-06-02 16:54:50,583 ERROR   Failed to update status of super survey 0
2023-06-02 16:54:50,583 INFO    Updating status of super survey 0
2023-06-02 16:54:50,585 ERROR   Failed to update status of super survey 0
