2023-06-02 17:34:01,855 INFO    ====== WebDriver manager ======
2023-06-02 17:34:02,709 INFO    Get LATEST chromedriver version for google-chrome 113.0.5672
2023-06-02 17:34:03,295 INFO    Driver [C:\Users\Usuario\.wdm\drivers\chromedriver\win32\113.0.5672\chromedriver.exe] found in cache
2023-06-02 17:34:16,738 INFO    ====== WebDriver manager ======
2023-06-02 17:34:17,292 INFO    Get LATEST chromedriver version for google-chrome 113.0.5672
2023-06-02 17:34:17,929 INFO    Driver [C:\Users\Usuario\.wdm\drivers\chromedriver\win32\113.0.5672\chromedriver.exe] found in cache
2023-06-02 17:34:32,536 INFO    ====== WebDriver manager ======
2023-06-02 17:34:33,111 INFO    Get LATEST chromedriver version for google-chrome 113.0.5672
2023-06-02 17:34:34,769 INFO    Driver [C:\Users\Usuario\.wdm\drivers\chromedriver\win32\113.0.5672\chromedriver.exe] found in cache
2023-06-02 17:34:54,471 INFO    ====== WebDriver manager ======
2023-06-02 17:34:56,930 INFO    Get LATEST chromedriver version for google-chrome 113.0.5672
2023-06-02 17:34:57,700 INFO    Driver [C:\Users\Usuario\.wdm\drivers\chromedriver\win32\113.0.5672\chromedriver.exe] found in cache
2023-06-02 17:35:39,211 INFO    ====== WebDriver manager ======
2023-06-02 17:35:40,207 INFO    Get LATEST chromedriver version for google-chrome 113.0.5672
2023-06-02 17:35:40,781 INFO    Driver [C:\Users\Usuario\.wdm\drivers\chromedriver\win32\113.0.5672\chromedriver.exe] found in cache
2023-06-02 17:36:04,612 INFO    ====== WebDriver manager ======
2023-06-02 17:36:06,075 INFO    Get LATEST chromedriver version for google-chrome 113.0.5672
2023-06-02 17:36:07,188 INFO    Driver [C:\Users\Usuario\.wdm\drivers\chromedriver\win32\113.0.5672\chromedriver.exe] found in cache
2023-06-02 17:36:28,224 INFO    ====== WebDriver manager ======
2023-06-02 17:36:28,978 INFO    Get LATEST chromedriver version for google-chrome 113.0.5672
2023-06-02 17:36:29,626 INFO    Driver [C:\Users\Usuario\.wdm\drivers\chromedriver\win32\113.0.5672\chromedriver.exe] found in cache
2023-06-02 17:36:49,732 INFO    ====== WebDriver manager ======
2023-06-02 17:36:50,195 INFO    Get LATEST chromedriver version for google-chrome 113.0.5672
2023-06-02 17:36:50,852 INFO    Driver [C:\Users\Usuario\.wdm\drivers\chromedriver\win32\113.0.5672\chromedriver.exe] found in cache
2023-06-02 17:37:06,127 INFO    Updating status of super survey 88 to -711
2023-06-02 17:37:10,415 INFO    Updating status of super survey 88 to 73
2023-06-02 17:37:10,420 INFO    Updating status of super survey 88 to -74
2023-06-02 17:37:10,425 INFO    Updating status of super survey 88 to -751
2023-06-02 17:37:10,430 INFO    Selecting routes from sublocality
2023-06-02 17:37:10,555 INFO    Updating status of super survey 88 to 783
2023-06-02 17:37:10,567 INFO    Updating status of super survey 88 to 75
2023-06-02 17:37:10,570 INFO    Updating status of super survey 88 to 200
2023-06-02 17:42:44,542 INFO     * Detected change in 'C:\\mono\\mono\\backend\\search.py', reloading
