2023-01-14 11:42:55,481 INFO    ======================================================================
2023-01-14 11:42:55,482 INFO    Survey 77, for Ouro Preto, Minas Gerais
2023-01-14 11:42:55,484 INFO    Searching by bounding box, max_zoom=24
2023-01-14 11:42:55,485 INFO    ----------------------------------------------------------------------
2023-01-14 11:42:55,486 INFO    Rectangle calculated: [-20.2519, -43.4372, -20.5229, -43.7846]
2023-01-14 11:42:55,486 INFO    Searching rectangle: zoom factor = 0, node = []
2023-01-14 11:42:56,002 WARNING HTTP status 403 from web site: IP address blocked. Waiting 0.1 minutes.
2023-01-14 11:43:03,673 WARNING HTTP status 403 from web site: IP address blocked. Waiting 0.1 minutes.
2023-01-14 11:43:12,923 INFO    Page 01 returned 18 listings
2023-01-14 11:43:13,236 WARNING HTTP status 403 from web site: IP address blocked. Waiting 0.1 minutes.
2023-01-14 11:43:22,583 WARNING HTTP status 403 from web site: IP address blocked. Waiting 0.1 minutes.
2023-01-14 11:43:31,321 WARNING HTTP status 403 from web site: IP address blocked. Waiting 0.1 minutes.
2023-01-14 11:43:42,172 WARNING HTTP status 403 from web site: IP address blocked. Waiting 0.1 minutes.
2023-01-14 11:43:49,367 INFO    Room 51217390: insert failed
2023-01-14 11:43:49,369 INFO    Room 52024666: insert failed
2023-01-14 11:43:49,372 INFO    Room 47939876: insert failed
2023-01-14 11:43:49,374 INFO    Room 51978370: insert failed
2023-01-14 11:43:49,376 INFO    Room 40752066: insert failed
2023-01-14 11:43:49,378 INFO    Room 30403033: insert failed
2023-01-14 11:43:49,380 INFO    Room 41502392: insert failed
2023-01-14 11:43:49,382 INFO    Room 47334727: insert failed
2023-01-14 11:43:49,383 INFO    Room 23413941: insert failed
2023-01-14 11:43:49,385 INFO    Room 758263738755481654: insert failed
2023-01-14 11:43:49,387 INFO    Room 50723507: insert failed
2023-01-14 11:43:49,389 INFO    Room 54222723: insert failed
2023-01-14 11:43:49,390 INFO    Room 714323517316563160: insert failed
2023-01-14 11:43:49,392 INFO    Room 794011987542751252: insert failed
2023-01-14 11:43:49,393 INFO    Room 740983683035077351: insert failed
2023-01-14 11:43:49,395 INFO    Room 19969297: insert failed
2023-01-14 11:43:49,396 INFO    Room 42270186: insert failed
2023-01-14 11:43:49,396 INFO    Room 736390796820280107: insert failed
2023-01-14 11:43:49,397 INFO    Page 02 returned 18 listings
2023-01-14 11:43:51,312 INFO    Room 42270186: insert failed
2023-01-14 11:43:51,342 INFO    Page 03 returned 18 listings
2023-01-14 11:43:55,711 INFO    Page 04 returned 18 listings
2023-01-14 11:44:01,733 WARNING HTTP status 403 from web site: IP address blocked. Waiting 0.1 minutes.
2023-01-14 11:44:15,854 INFO    Page 05 returned 18 listings
2023-01-14 11:44:19,806 WARNING HTTP status 403 from web site: IP address blocked. Waiting 0.1 minutes.
2023-01-14 11:44:29,459 INFO    Page 06 returned 18 listings
2023-01-14 11:44:38,603 INFO    Page 07 returned 18 listings
