2023-06-02 16:53:42,824 INFO    ======================================================================
2023-06-02 16:53:42,825 INFO    Survey 341, for Aiuruoca, Minas Gerais
2023-06-02 16:53:42,826 INFO    Searching by bounding box, max_zoom=24
2023-06-02 16:53:42,827 INFO    ----------------------------------------------------------------------
2023-06-02 16:53:42,827 INFO    Rectangle calculated: [-44.529, -21.742, -44.766, -22.163]
2023-06-02 16:53:42,828 INFO    Searching rectangle: zoom factor = 0, node = []
2023-06-02 16:53:43,531 INFO    Page 01 returned 00 listings
2023-06-02 16:53:43,531 INFO    Final page of listings for this search
2023-06-02 16:53:43,540 INFO    Results: 1 pages, 0 new rooms
2023-06-02 16:53:43,544 INFO    Finishing survey 341, for Aiuruoca, Minas Gerais
2023-06-02 16:53:43,549 INFO    Initialing search by overall satisfactions
2023-06-02 16:53:43,551 INFO    0 results
2023-06-02 16:53:43,553 INFO    Updating status of super survey 88
2023-06-02 16:53:43,554 INFO    Updating status of super survey 1
2023-06-02 16:53:43,556 INFO    Selecting sublocalities from city
2023-06-02 16:53:43,558 INFO    Updating status of super survey 1
2023-06-02 16:53:43,560 INFO    Updating status of super survey 88
2023-06-02 16:53:43,561 INFO    Updating status of super survey 1
2023-06-02 16:53:43,563 INFO    Selecting routes from sublocality
2023-06-02 16:53:43,564 INFO    Updating status of super survey 1
2023-06-02 16:53:43,565 INFO    Updating status of super survey 88
2023-06-02 16:53:43,567 INFO    Updating status of super survey 88
2023-06-02 16:53:43,568 INFO    Updating status of super survey 88
2023-06-02 16:53:43,571 INFO    Updating status of super survey 0
2023-06-02 16:53:43,572 ERROR   Failed to update status of super survey 0
2023-06-02 16:53:44,266 INFO    ====== WebDriver manager ======
2023-06-02 16:53:45,087 INFO    Get LATEST chromedriver version for google-chrome 113.0.5672
2023-06-02 16:53:45,729 INFO    Driver [C:\Users\Usuario\.wdm\drivers\chromedriver\win32\113.0.5672\chromedriver.exe] found in cache
2023-06-02 16:53:53,119 INFO     * Detected change in 'C:\\mono\\mono\\backend\\airbnb_score.py', reloading
