2023-01-14 11:35:49,447 INFO    ======================================================================
2023-01-14 11:35:49,448 INFO    Survey 69, for Ouro Preto, Minas Gerais
2023-01-14 11:35:49,449 INFO    Searching by bounding box, max_zoom=24
2023-01-14 11:35:49,450 INFO    ----------------------------------------------------------------------
2023-01-14 11:35:49,450 INFO    Rectangle calculated: [-20.2519, -43.4372, -20.5229, -43.7846]
2023-01-14 11:35:49,450 INFO    Searching rectangle: zoom factor = 0, node = []
2023-01-14 11:35:50,354 INFO    Page 01 returned 18 listings
2023-01-14 11:35:50,976 INFO    Room 47939876: insert failed
2023-01-14 11:35:50,978 INFO    Room 43805080: insert failed
2023-01-14 11:35:50,980 INFO    Room 51978370: insert failed
2023-01-14 11:35:50,982 INFO    Room 41502392: insert failed
2023-01-14 11:35:50,983 INFO    Room 40752066: insert failed
2023-01-14 11:35:50,986 INFO    Room 30403033: insert failed
2023-01-14 11:35:50,988 INFO    Room 714323517316563160: insert failed
2023-01-14 11:35:50,990 INFO    Room 736390796820280107: insert failed
2023-01-14 11:35:50,991 INFO    Room 51217390: insert failed
2023-01-14 11:35:50,993 INFO    Room 52024666: insert failed
2023-01-14 11:35:50,994 INFO    Room 54222723: insert failed
2023-01-14 11:35:50,996 INFO    Room 47334727: insert failed
2023-01-14 11:35:50,997 INFO    Room 740983683035077351: insert failed
2023-01-14 11:35:50,999 INFO    Room 794011987542751252: insert failed
2023-01-14 11:35:51,001 INFO    Room 50723507: insert failed
2023-01-14 11:35:51,003 INFO    Room 19969297: insert failed
2023-01-14 11:35:51,006 INFO    Page 02 returned 18 listings
2023-01-14 11:35:52,144 INFO    Room 50240014: insert failed
2023-01-14 11:35:52,194 INFO    Page 03 returned 18 listings
2023-01-14 11:35:53,361 INFO    Page 04 returned 18 listings
2023-01-14 11:35:54,100 INFO    Page 05 returned 00 listings
2023-01-14 11:35:54,101 INFO    Final page of listings for this search
2023-01-14 11:35:54,101 INFO    Results: 5 pages, 55 new rooms
2023-01-14 11:35:54,103 INFO    Finishing survey 69, for Ouro Preto, Minas Gerais
2023-01-14 11:35:54,108 ERROR   Top level exception handler: quitting.
Traceback (most recent call last):
  File "C:\ufop\airbnb-data-collection\airbnb.py", line 855, in main
    full_survey(ab_config, args.full_survey, False, True)
  File "C:\ufop\airbnb-data-collection\airbnb.py", line 666, in full_survey
    update_routes_geolocation(ab_config, area)
  File "C:\ufop\airbnb-data-collection\airbnb.py", line 261, in update_routes_geolocation
    location.reverse_geocode(config)
  File "C:\ufop\airbnb-data-collection\airbnb_geocoding.py", line 148, in reverse_geocode
    address = reverse(self.lat_round + ", " + self.lng_round)
                      ~~~~~~~~~~~~~~~^~~~~~
TypeError: unsupported operand type(s) for +: 'decimal.Decimal' and 'str'
